[2026-06-24T08:19:11.943+0000] {taskinstance.py:1956} INFO - Dependencies all met for dep_context=non-requeueable deps ti=<TaskInstance: mise_a_jour_donnees.telecharger_donnees scheduled__2026-06-23T00:00:00+00:00 [queued]>
[2026-06-24T08:19:11.953+0000] {taskinstance.py:1956} INFO - Dependencies all met for dep_context=requeueable deps ti=<TaskInstance: mise_a_jour_donnees.telecharger_donnees scheduled__2026-06-23T00:00:00+00:00 [queued]>
[2026-06-24T08:19:11.954+0000] {taskinstance.py:2170} INFO - Starting attempt 1 of 1
[2026-06-24T08:19:12.090+0000] {taskinstance.py:2191} INFO - Executing <Task(PythonOperator): telecharger_donnees> on 2026-06-23 00:00:00+00:00
[2026-06-24T08:19:12.104+0000] {standard_task_runner.py:60} INFO - Started process 205 to run task
[2026-06-24T08:19:12.110+0000] {standard_task_runner.py:87} INFO - Running: ['***', 'tasks', 'run', 'mise_a_jour_donnees', 'telecharger_donnees', 'scheduled__2026-06-23T00:00:00+00:00', '--job-id', '15', '--raw', '--subdir', 'DAGS_FOLDER/mise_a_jour_donnees.py', '--cfg-path', '/tmp/tmpqy9t39c5']
[2026-06-24T08:19:12.114+0000] {standard_task_runner.py:88} INFO - Job 15: Subtask telecharger_donnees
[2026-06-24T08:19:12.193+0000] {task_command.py:423} INFO - Running <TaskInstance: mise_a_jour_donnees.telecharger_donnees scheduled__2026-06-23T00:00:00+00:00 [running]> on host 0bc9ad75814a
[2026-06-24T08:19:12.710+0000] {taskinstance.py:2480} INFO - Exporting env vars: AIRFLOW_CTX_DAG_OWNER='***' AIRFLOW_CTX_DAG_ID='mise_a_jour_donnees' AIRFLOW_CTX_TASK_ID='telecharger_donnees' AIRFLOW_CTX_EXECUTION_DATE='2026-06-23T00:00:00+00:00' AIRFLOW_CTX_TRY_NUMBER='1' AIRFLOW_CTX_DAG_RUN_ID='scheduled__2026-06-23T00:00:00+00:00'
[2026-06-24T08:19:12.712+0000] {logging_mixin.py:188} INFO - 📥 Téléchargement des données depuis KaggleHub...
[2026-06-24T08:19:13.925+0000] {logging_mixin.py:188} WARNING -   0%|          | 0.00/49.7k [00:00<?, ?B/s]
[2026-06-24T08:19:13.968+0000] {logging_mixin.py:188} WARNING - 100%|##########| 49.7k/49.7k [00:00<00:00, 1.20MB/s]
[2026-06-24T08:19:14.051+0000] {logging_mixin.py:188} INFO - ✅ Données sauvegardées dans /opt/***/data/players_updated.csv
[2026-06-24T08:19:14.051+0000] {python.py:201} INFO - Done. Returned value was: /opt/***/data/players_updated.csv
[2026-06-24T08:19:14.073+0000] {taskinstance.py:1138} INFO - Marking task as SUCCESS. dag_id=mise_a_jour_donnees, task_id=telecharger_donnees, execution_date=20260623T000000, start_date=20260624T081911, end_date=20260624T081914
[2026-06-24T08:19:14.100+0000] {local_task_job_runner.py:234} INFO - Task exited with return code 0
[2026-06-24T08:19:14.119+0000] {taskinstance.py:3280} INFO - 0 downstream tasks scheduled from follow-on schedule check
[2026-06-29T08:44:27.397+0000] {taskinstance.py:1956} INFO - Dependencies all met for dep_context=non-requeueable deps ti=<TaskInstance: mise_a_jour_donnees.telecharger_donnees scheduled__2026-06-23T00:00:00+00:00 [queued]>
[2026-06-29T08:44:27.407+0000] {taskinstance.py:1956} INFO - Dependencies all met for dep_context=requeueable deps ti=<TaskInstance: mise_a_jour_donnees.telecharger_donnees scheduled__2026-06-23T00:00:00+00:00 [queued]>
[2026-06-29T08:44:27.408+0000] {taskinstance.py:2170} INFO - Starting attempt 1 of 1
[2026-06-29T08:44:27.424+0000] {taskinstance.py:2191} INFO - Executing <Task(PythonOperator): telecharger_donnees> on 2026-06-23 00:00:00+00:00
[2026-06-29T08:44:27.431+0000] {standard_task_runner.py:60} INFO - Started process 249 to run task
[2026-06-29T08:44:27.436+0000] {standard_task_runner.py:87} INFO - Running: ['***', 'tasks', 'run', 'mise_a_jour_donnees', 'telecharger_donnees', 'scheduled__2026-06-23T00:00:00+00:00', '--job-id', '3', '--raw', '--subdir', 'DAGS_FOLDER/mise_a_jour_donnees.py', '--cfg-path', '/tmp/tmp8c8y5qy_']
[2026-06-29T08:44:27.440+0000] {standard_task_runner.py:88} INFO - Job 3: Subtask telecharger_donnees
[2026-06-29T08:44:27.516+0000] {task_command.py:423} INFO - Running <TaskInstance: mise_a_jour_donnees.telecharger_donnees scheduled__2026-06-23T00:00:00+00:00 [running]> on host dc8e5263d264
[2026-06-29T08:44:27.808+0000] {taskinstance.py:2480} INFO - Exporting env vars: AIRFLOW_CTX_DAG_OWNER='***' AIRFLOW_CTX_DAG_ID='mise_a_jour_donnees' AIRFLOW_CTX_TASK_ID='telecharger_donnees' AIRFLOW_CTX_EXECUTION_DATE='2026-06-23T00:00:00+00:00' AIRFLOW_CTX_TRY_NUMBER='1' AIRFLOW_CTX_DAG_RUN_ID='scheduled__2026-06-23T00:00:00+00:00'
[2026-06-29T08:44:27.810+0000] {logging_mixin.py:188} INFO - 📥 Téléchargement des données depuis KaggleHub...
[2026-06-29T08:44:30.969+0000] {logging_mixin.py:188} WARNING -   0%|          | 0.00/59.7k [00:00<?, ?B/s]
[2026-06-29T08:44:32.884+0000] {logging_mixin.py:188} WARNING - 100%|##########| 59.7k/59.7k [00:01<00:00, 31.9kB/s]
[2026-06-29T08:44:32.886+0000] {logging_mixin.py:188} WARNING - 100%|##########| 59.7k/59.7k [00:01<00:00, 31.9kB/s]
[2026-06-29T08:44:32.978+0000] {telecharger_donnees_kaggle.py:25} INFO - ✅ Les données ont été actualisées et sauvegardées dans /opt/***/data/players_updated.csv
[2026-06-29T08:44:32.979+0000] {python.py:201} INFO - Done. Returned value was: /opt/***/data/players_updated.csv
[2026-06-29T08:44:33.002+0000] {taskinstance.py:1138} INFO - Marking task as SUCCESS. dag_id=mise_a_jour_donnees, task_id=telecharger_donnees, execution_date=20260623T000000, start_date=20260629T084427, end_date=20260629T084433
[2026-06-29T08:44:33.053+0000] {local_task_job_runner.py:234} INFO - Task exited with return code 0
[2026-06-29T08:44:33.075+0000] {taskinstance.py:3280} INFO - 0 downstream tasks scheduled from follow-on schedule check
[2026-06-29T08:54:31.149+0000] {taskinstance.py:1956} INFO - Dependencies all met for dep_context=non-requeueable deps ti=<TaskInstance: mise_a_jour_donnees.telecharger_donnees scheduled__2026-06-23T00:00:00+00:00 [queued]>
[2026-06-29T08:54:31.160+0000] {taskinstance.py:1956} INFO - Dependencies all met for dep_context=requeueable deps ti=<TaskInstance: mise_a_jour_donnees.telecharger_donnees scheduled__2026-06-23T00:00:00+00:00 [queued]>
[2026-06-29T08:54:31.161+0000] {taskinstance.py:2170} INFO - Starting attempt 1 of 1
[2026-06-29T08:54:31.176+0000] {taskinstance.py:2191} INFO - Executing <Task(PythonOperator): telecharger_donnees> on 2026-06-23 00:00:00+00:00
[2026-06-29T08:54:31.183+0000] {standard_task_runner.py:60} INFO - Started process 213 to run task
[2026-06-29T08:54:31.186+0000] {standard_task_runner.py:87} INFO - Running: ['***', 'tasks', 'run', 'mise_a_jour_donnees', 'telecharger_donnees', 'scheduled__2026-06-23T00:00:00+00:00', '--job-id', '2', '--raw', '--subdir', 'DAGS_FOLDER/mise_a_jour_donnees.py', '--cfg-path', '/tmp/tmpn1zy1ui2']
[2026-06-29T08:54:31.191+0000] {standard_task_runner.py:88} INFO - Job 2: Subtask telecharger_donnees
[2026-06-29T08:54:31.268+0000] {task_command.py:423} INFO - Running <TaskInstance: mise_a_jour_donnees.telecharger_donnees scheduled__2026-06-23T00:00:00+00:00 [running]> on host cbe292c8863f
[2026-06-29T08:54:31.574+0000] {taskinstance.py:2480} INFO - Exporting env vars: AIRFLOW_CTX_DAG_OWNER='***' AIRFLOW_CTX_DAG_ID='mise_a_jour_donnees' AIRFLOW_CTX_TASK_ID='telecharger_donnees' AIRFLOW_CTX_EXECUTION_DATE='2026-06-23T00:00:00+00:00' AIRFLOW_CTX_TRY_NUMBER='1' AIRFLOW_CTX_DAG_RUN_ID='scheduled__2026-06-23T00:00:00+00:00'
[2026-06-29T08:54:31.575+0000] {logging_mixin.py:188} INFO - 📥 Téléchargement des données depuis KaggleHub...
[2026-06-29T08:54:33.883+0000] {logging_mixin.py:188} WARNING -   0%|          | 0.00/59.7k [00:00<?, ?B/s]
[2026-06-29T08:54:35.075+0000] {logging_mixin.py:188} WARNING - 100%|##########| 59.7k/59.7k [00:01<00:00, 51.3kB/s]
[2026-06-29T08:54:35.077+0000] {logging_mixin.py:188} WARNING - 100%|##########| 59.7k/59.7k [00:01<00:00, 51.3kB/s]
[2026-06-29T08:54:35.184+0000] {telecharger_donnees_kaggle.py:25} INFO - ✅ Les données ont été actualisées et sauvegardées dans /opt/***/data/players_updated.csv
[2026-06-29T08:54:35.184+0000] {python.py:201} INFO - Done. Returned value was: /opt/***/data/players_updated.csv
[2026-06-29T08:54:35.208+0000] {taskinstance.py:1138} INFO - Marking task as SUCCESS. dag_id=mise_a_jour_donnees, task_id=telecharger_donnees, execution_date=20260623T000000, start_date=20260629T085431, end_date=20260629T085435
[2026-06-29T08:54:35.233+0000] {local_task_job_runner.py:234} INFO - Task exited with return code 0
[2026-06-29T08:54:35.249+0000] {taskinstance.py:3280} INFO - 0 downstream tasks scheduled from follow-on schedule check
