[2026-06-23T12:57:57.241+0000] {manager.py:469} INFO - Processing files using up to 2 processes at a time 
[2026-06-23T12:57:57.242+0000] {manager.py:470} INFO - Process each file at most once every 30 seconds
[2026-06-23T12:57:57.243+0000] {manager.py:471} INFO - Checking for new files in /opt/airflow/dags every 300 seconds
[2026-06-23T12:57:57.244+0000] {manager.py:738} INFO - Searching for files in /opt/airflow/dags
[2026-06-23T12:57:57.250+0000] {manager.py:741} INFO - There are 0 files in /opt/airflow/dags
[2026-06-23T13:02:58.191+0000] {manager.py:738} INFO - Searching for files in /opt/airflow/dags
[2026-06-23T13:02:58.202+0000] {manager.py:741} INFO - There are 0 files in /opt/airflow/dags
[2026-06-23T13:07:58.924+0000] {manager.py:738} INFO - Searching for files in /opt/airflow/dags
[2026-06-23T13:07:58.943+0000] {manager.py:741} INFO - There are 0 files in /opt/airflow/dags
[2026-06-23T13:12:59.666+0000] {manager.py:738} INFO - Searching for files in /opt/airflow/dags
[2026-06-23T13:12:59.676+0000] {manager.py:741} INFO - There are 0 files in /opt/airflow/dags
[2026-06-23T13:18:00.241+0000] {manager.py:738} INFO - Searching for files in /opt/airflow/dags
[2026-06-23T13:18:00.286+0000] {manager.py:741} INFO - There are 1 files in /opt/airflow/dags
[2026-06-23T13:18:08.467+0000] {manager.py:879} INFO - 
================================================================================
DAG File Processing Stats

File Path                             PID    Runtime      # DAGs    # Errors  Last Runtime    Last Run
------------------------------------  -----  ---------  --------  ----------  --------------  -------------------
/opt/airflow/dags/mon_premier_dag.py                           1           0  0.54s           2026-06-23T13:18:00
================================================================================
[2026-06-23T13:18:39.183+0000] {manager.py:879} INFO - 
================================================================================
DAG File Processing Stats

File Path                             PID    Runtime      # DAGs    # Errors  Last Runtime    Last Run
------------------------------------  -----  ---------  --------  ----------  --------------  -------------------
/opt/airflow/dags/mon_premier_dag.py                           1           0  0.20s           2026-06-23T13:18:31
================================================================================
[2026-06-23T13:19:09.573+0000] {manager.py:879} INFO - 
================================================================================
DAG File Processing Stats

File Path                             PID    Runtime      # DAGs    # Errors  Last Runtime    Last Run
------------------------------------  -----  ---------  --------  ----------  --------------  -------------------
/opt/airflow/dags/mon_premier_dag.py                           1           0  0.24s           2026-06-23T13:19:01
================================================================================
[2026-06-23T13:19:40.086+0000] {manager.py:879} INFO - 
================================================================================
DAG File Processing Stats

File Path                             PID    Runtime      # DAGs    # Errors  Last Runtime    Last Run
------------------------------------  -----  ---------  --------  ----------  --------------  -------------------
/opt/airflow/dags/mon_premier_dag.py                           1           0  0.18s           2026-06-23T13:19:32
================================================================================
[2026-06-23T13:20:10.414+0000] {manager.py:879} INFO - 
================================================================================
DAG File Processing Stats

File Path                             PID    Runtime      # DAGs    # Errors  Last Runtime    Last Run
------------------------------------  -----  ---------  --------  ----------  --------------  -------------------
/opt/airflow/dags/mon_premier_dag.py                           1           0  0.18s           2026-06-23T13:20:02
================================================================================
[2026-06-23T13:20:40.866+0000] {manager.py:879} INFO - 
================================================================================
DAG File Processing Stats

File Path                             PID    Runtime      # DAGs    # Errors  Last Runtime    Last Run
------------------------------------  -----  ---------  --------  ----------  --------------  -------------------
/opt/airflow/dags/mon_premier_dag.py                           1           0  0.17s           2026-06-23T13:20:32
================================================================================
[2026-06-23T13:21:11.225+0000] {manager.py:879} INFO - 
================================================================================
DAG File Processing Stats

File Path                             PID    Runtime      # DAGs    # Errors  Last Runtime    Last Run
------------------------------------  -----  ---------  --------  ----------  --------------  -------------------
/opt/airflow/dags/mon_premier_dag.py                           1           0  0.15s           2026-06-23T13:21:03
================================================================================
[2026-06-23T13:21:41.653+0000] {manager.py:879} INFO - 
================================================================================
DAG File Processing Stats

File Path                             PID    Runtime      # DAGs    # Errors  Last Runtime    Last Run
------------------------------------  -----  ---------  --------  ----------  --------------  -------------------
/opt/airflow/dags/mon_premier_dag.py                           1           0  0.19s           2026-06-23T13:21:33
================================================================================
[2026-06-23T13:22:12.063+0000] {manager.py:879} INFO - 
================================================================================
DAG File Processing Stats

File Path                             PID    Runtime      # DAGs    # Errors  Last Runtime    Last Run
------------------------------------  -----  ---------  --------  ----------  --------------  -------------------
/opt/airflow/dags/mon_premier_dag.py                           1           0  0.19s           2026-06-23T13:22:04
================================================================================
[2026-06-23T13:22:42.555+0000] {manager.py:879} INFO - 
================================================================================
DAG File Processing Stats

File Path                             PID    Runtime      # DAGs    # Errors  Last Runtime    Last Run
------------------------------------  -----  ---------  --------  ----------  --------------  -------------------
/opt/airflow/dags/mon_premier_dag.py                           1           0  0.17s           2026-06-23T13:22:34
================================================================================
[2026-06-23T13:23:00.777+0000] {manager.py:738} INFO - Searching for files in /opt/airflow/dags
[2026-06-23T13:23:00.829+0000] {manager.py:741} INFO - There are 1 files in /opt/airflow/dags
[2026-06-23T13:23:13.056+0000] {manager.py:879} INFO - 
================================================================================
DAG File Processing Stats

File Path                             PID    Runtime      # DAGs    # Errors  Last Runtime    Last Run
------------------------------------  -----  ---------  --------  ----------  --------------  -------------------
/opt/airflow/dags/mon_premier_dag.py                           1           0  0.20s           2026-06-23T13:23:05
================================================================================
[2026-06-23T13:23:43.508+0000] {manager.py:879} INFO - 
================================================================================
DAG File Processing Stats

File Path                             PID    Runtime      # DAGs    # Errors  Last Runtime    Last Run
------------------------------------  -----  ---------  --------  ----------  --------------  -------------------
/opt/airflow/dags/mon_premier_dag.py                           1           0  0.20s           2026-06-23T13:23:35
================================================================================
[2026-06-23T13:24:13.985+0000] {manager.py:879} INFO - 
================================================================================
DAG File Processing Stats

File Path                             PID    Runtime      # DAGs    # Errors  Last Runtime    Last Run
------------------------------------  -----  ---------  --------  ----------  --------------  -------------------
/opt/airflow/dags/mon_premier_dag.py                           1           0  0.18s           2026-06-23T13:24:06
================================================================================
[2026-06-23T13:24:44.466+0000] {manager.py:879} INFO - 
================================================================================
DAG File Processing Stats

File Path                             PID    Runtime      # DAGs    # Errors  Last Runtime    Last Run
------------------------------------  -----  ---------  --------  ----------  --------------  -------------------
/opt/airflow/dags/mon_premier_dag.py                           1           0  0.18s           2026-06-23T13:24:36
================================================================================
[2026-06-23T13:25:14.978+0000] {manager.py:879} INFO - 
================================================================================
DAG File Processing Stats

File Path                             PID    Runtime      # DAGs    # Errors  Last Runtime    Last Run
------------------------------------  -----  ---------  --------  ----------  --------------  -------------------
/opt/airflow/dags/mon_premier_dag.py                           1           0  0.16s           2026-06-23T13:25:06
================================================================================
[2026-06-23T13:25:45.291+0000] {manager.py:879} INFO - 
================================================================================
DAG File Processing Stats

File Path                             PID    Runtime      # DAGs    # Errors  Last Runtime    Last Run
------------------------------------  -----  ---------  --------  ----------  --------------  -------------------
/opt/airflow/dags/mon_premier_dag.py                           1           0  0.14s           2026-06-23T13:25:37
================================================================================
[2026-06-23T13:26:15.749+0000] {manager.py:879} INFO - 
================================================================================
DAG File Processing Stats

File Path                             PID    Runtime      # DAGs    # Errors  Last Runtime    Last Run
------------------------------------  -----  ---------  --------  ----------  --------------  -------------------
/opt/airflow/dags/mon_premier_dag.py                           1           0  0.16s           2026-06-23T13:26:07
================================================================================
[2026-06-23T13:26:46.186+0000] {manager.py:879} INFO - 
================================================================================
DAG File Processing Stats

File Path                             PID    Runtime      # DAGs    # Errors  Last Runtime    Last Run
------------------------------------  -----  ---------  --------  ----------  --------------  -------------------
/opt/airflow/dags/mon_premier_dag.py                           1           0  0.16s           2026-06-23T13:26:38
================================================================================
[2026-06-23T13:27:16.541+0000] {manager.py:879} INFO - 
================================================================================
DAG File Processing Stats

File Path                             PID    Runtime      # DAGs    # Errors  Last Runtime    Last Run
------------------------------------  -----  ---------  --------  ----------  --------------  -------------------
/opt/airflow/dags/mon_premier_dag.py                           1           0  0.17s           2026-06-23T13:27:08
================================================================================
[2026-06-23T13:27:46.925+0000] {manager.py:879} INFO - 
================================================================================
DAG File Processing Stats

File Path                             PID    Runtime      # DAGs    # Errors  Last Runtime    Last Run
------------------------------------  -----  ---------  --------  ----------  --------------  -------------------
/opt/airflow/dags/mon_premier_dag.py                           1           0  0.17s           2026-06-23T13:27:39
================================================================================
[2026-06-23T13:28:01.012+0000] {manager.py:738} INFO - Searching for files in /opt/airflow/dags
[2026-06-23T13:28:01.031+0000] {manager.py:741} INFO - There are 1 files in /opt/airflow/dags
[2026-06-23T13:28:17.289+0000] {manager.py:879} INFO - 
================================================================================
DAG File Processing Stats

File Path                             PID    Runtime      # DAGs    # Errors  Last Runtime    Last Run
------------------------------------  -----  ---------  --------  ----------  --------------  -------------------
/opt/airflow/dags/mon_premier_dag.py                           1           0  0.20s           2026-06-23T13:28:09
================================================================================
[2026-06-23T13:28:47.716+0000] {manager.py:879} INFO - 
================================================================================
DAG File Processing Stats

File Path                             PID    Runtime      # DAGs    # Errors  Last Runtime    Last Run
------------------------------------  -----  ---------  --------  ----------  --------------  -------------------
/opt/airflow/dags/mon_premier_dag.py                           1           0  0.18s           2026-06-23T13:28:39
================================================================================
[2026-06-23T13:29:18.227+0000] {manager.py:879} INFO - 
================================================================================
DAG File Processing Stats

File Path                             PID    Runtime      # DAGs    # Errors  Last Runtime    Last Run
------------------------------------  -----  ---------  --------  ----------  --------------  -------------------
/opt/airflow/dags/mon_premier_dag.py                           1           0  0.18s           2026-06-23T13:29:10
================================================================================
[2026-06-23T13:29:48.660+0000] {manager.py:879} INFO - 
================================================================================
DAG File Processing Stats

File Path                             PID    Runtime      # DAGs    # Errors  Last Runtime    Last Run
------------------------------------  -----  ---------  --------  ----------  --------------  -------------------
/opt/airflow/dags/mon_premier_dag.py                           1           0  0.23s           2026-06-23T13:29:40
================================================================================
[2026-06-23T13:30:19.183+0000] {manager.py:879} INFO - 
================================================================================
DAG File Processing Stats

File Path                             PID    Runtime      # DAGs    # Errors  Last Runtime    Last Run
------------------------------------  -----  ---------  --------  ----------  --------------  -------------------
/opt/airflow/dags/mon_premier_dag.py                           1           0  0.17s           2026-06-23T13:30:11
================================================================================
[2026-06-23T13:30:49.586+0000] {manager.py:879} INFO - 
================================================================================
DAG File Processing Stats

File Path                             PID    Runtime      # DAGs    # Errors  Last Runtime    Last Run
------------------------------------  -----  ---------  --------  ----------  --------------  -------------------
/opt/airflow/dags/mon_premier_dag.py                           1           0  0.16s           2026-06-23T13:30:41
================================================================================
[2026-06-23T13:31:19.916+0000] {manager.py:879} INFO - 
================================================================================
DAG File Processing Stats

File Path                             PID    Runtime      # DAGs    # Errors  Last Runtime    Last Run
------------------------------------  -----  ---------  --------  ----------  --------------  -------------------
/opt/airflow/dags/mon_premier_dag.py                           1           0  0.16s           2026-06-23T13:31:11
================================================================================
[2026-06-23T13:31:50.412+0000] {manager.py:879} INFO - 
================================================================================
DAG File Processing Stats

File Path                             PID    Runtime      # DAGs    # Errors  Last Runtime    Last Run
------------------------------------  -----  ---------  --------  ----------  --------------  -------------------
/opt/airflow/dags/mon_premier_dag.py                           1           0  0.25s           2026-06-23T13:31:42
================================================================================
[2026-06-23T13:32:20.853+0000] {manager.py:879} INFO - 
================================================================================
DAG File Processing Stats

File Path                             PID    Runtime      # DAGs    # Errors  Last Runtime    Last Run
------------------------------------  -----  ---------  --------  ----------  --------------  -------------------
/opt/airflow/dags/mon_premier_dag.py                           1           0  0.16s           2026-06-23T13:32:12
================================================================================
[2026-06-23T13:32:51.301+0000] {manager.py:879} INFO - 
================================================================================
DAG File Processing Stats

File Path                             PID    Runtime      # DAGs    # Errors  Last Runtime    Last Run
------------------------------------  -----  ---------  --------  ----------  --------------  -------------------
/opt/airflow/dags/mon_premier_dag.py                           1           0  0.17s           2026-06-23T13:32:43
================================================================================
[2026-06-23T13:33:01.428+0000] {manager.py:738} INFO - Searching for files in /opt/airflow/dags
[2026-06-23T13:33:01.454+0000] {manager.py:741} INFO - There are 1 files in /opt/airflow/dags
[2026-06-23T13:33:21.652+0000] {manager.py:879} INFO - 
================================================================================
DAG File Processing Stats

File Path                             PID    Runtime      # DAGs    # Errors  Last Runtime    Last Run
------------------------------------  -----  ---------  --------  ----------  --------------  -------------------
/opt/airflow/dags/mon_premier_dag.py                           1           0  0.17s           2026-06-23T13:33:13
================================================================================
[2026-06-23T13:33:52.116+0000] {manager.py:879} INFO - 
================================================================================
DAG File Processing Stats

File Path                             PID    Runtime      # DAGs    # Errors  Last Runtime    Last Run
------------------------------------  -----  ---------  --------  ----------  --------------  -------------------
/opt/airflow/dags/mon_premier_dag.py                           1           0  0.16s           2026-06-23T13:33:44
================================================================================
[2026-06-23T13:34:22.603+0000] {manager.py:879} INFO - 
================================================================================
DAG File Processing Stats

File Path                             PID    Runtime      # DAGs    # Errors  Last Runtime    Last Run
------------------------------------  -----  ---------  --------  ----------  --------------  -------------------
/opt/airflow/dags/mon_premier_dag.py                           1           0  0.18s           2026-06-23T13:34:14
================================================================================
[2026-06-23T13:34:53.090+0000] {manager.py:879} INFO - 
================================================================================
DAG File Processing Stats

File Path                             PID    Runtime      # DAGs    # Errors  Last Runtime    Last Run
------------------------------------  -----  ---------  --------  ----------  --------------  -------------------
/opt/airflow/dags/mon_premier_dag.py                           1           0  0.20s           2026-06-23T13:34:45
================================================================================
[2026-06-23T13:35:23.617+0000] {manager.py:879} INFO - 
================================================================================
DAG File Processing Stats

File Path                             PID    Runtime      # DAGs    # Errors  Last Runtime    Last Run
------------------------------------  -----  ---------  --------  ----------  --------------  -------------------
/opt/airflow/dags/mon_premier_dag.py                           1           0  0.18s           2026-06-23T13:35:15
================================================================================
[2026-06-23T13:35:54.039+0000] {manager.py:879} INFO - 
================================================================================
DAG File Processing Stats

File Path                             PID    Runtime      # DAGs    # Errors  Last Runtime    Last Run
------------------------------------  -----  ---------  --------  ----------  --------------  -------------------
/opt/airflow/dags/mon_premier_dag.py                           1           0  0.18s           2026-06-23T13:35:46
================================================================================
[2026-06-23T13:36:24.596+0000] {manager.py:879} INFO - 
================================================================================
DAG File Processing Stats

File Path                             PID    Runtime      # DAGs    # Errors  Last Runtime    Last Run
------------------------------------  -----  ---------  --------  ----------  --------------  -------------------
/opt/airflow/dags/mon_premier_dag.py                           1           0  0.17s           2026-06-23T13:36:16
================================================================================
[2026-06-23T13:36:55.069+0000] {manager.py:879} INFO - 
================================================================================
DAG File Processing Stats

File Path                             PID    Runtime      # DAGs    # Errors  Last Runtime    Last Run
------------------------------------  -----  ---------  --------  ----------  --------------  -------------------
/opt/airflow/dags/mon_premier_dag.py                           1           0  0.18s           2026-06-23T13:36:47
================================================================================
[2026-06-23T13:37:25.648+0000] {manager.py:879} INFO - 
================================================================================
DAG File Processing Stats

File Path                             PID    Runtime      # DAGs    # Errors  Last Runtime    Last Run
------------------------------------  -----  ---------  --------  ----------  --------------  -------------------
/opt/airflow/dags/mon_premier_dag.py                           1           0  0.18s           2026-06-23T13:37:17
================================================================================
[2026-06-23T13:37:56.121+0000] {manager.py:879} INFO - 
================================================================================
DAG File Processing Stats

File Path                             PID    Runtime      # DAGs    # Errors  Last Runtime    Last Run
------------------------------------  -----  ---------  --------  ----------  --------------  -------------------
/opt/airflow/dags/mon_premier_dag.py                           1           0  0.17s           2026-06-23T13:37:48
================================================================================
[2026-06-23T13:38:02.213+0000] {manager.py:738} INFO - Searching for files in /opt/airflow/dags
[2026-06-23T13:38:02.277+0000] {manager.py:741} INFO - There are 1 files in /opt/airflow/dags
[2026-06-23T13:38:26.711+0000] {manager.py:879} INFO - 
================================================================================
DAG File Processing Stats

File Path                             PID    Runtime      # DAGs    # Errors  Last Runtime    Last Run
------------------------------------  -----  ---------  --------  ----------  --------------  -------------------
/opt/airflow/dags/mon_premier_dag.py                           1           0  0.18s           2026-06-23T13:38:18
================================================================================
[2026-06-23T13:38:57.244+0000] {manager.py:879} INFO - 
================================================================================
DAG File Processing Stats

File Path                             PID    Runtime      # DAGs    # Errors  Last Runtime    Last Run
------------------------------------  -----  ---------  --------  ----------  --------------  -------------------
/opt/airflow/dags/mon_premier_dag.py                           1           0  0.18s           2026-06-23T13:38:49
================================================================================
[2026-06-23T13:39:27.750+0000] {manager.py:879} INFO - 
================================================================================
DAG File Processing Stats

File Path                             PID    Runtime      # DAGs    # Errors  Last Runtime    Last Run
------------------------------------  -----  ---------  --------  ----------  --------------  -------------------
/opt/airflow/dags/mon_premier_dag.py                           1           0  0.16s           2026-06-23T13:39:19
================================================================================
[2026-06-23T13:39:58.202+0000] {manager.py:879} INFO - 
================================================================================
DAG File Processing Stats

File Path                             PID    Runtime      # DAGs    # Errors  Last Runtime    Last Run
------------------------------------  -----  ---------  --------  ----------  --------------  -------------------
/opt/airflow/dags/mon_premier_dag.py                           1           0  0.16s           2026-06-23T13:39:50
================================================================================
[2026-06-23T13:40:28.632+0000] {manager.py:879} INFO - 
================================================================================
DAG File Processing Stats

File Path                             PID    Runtime      # DAGs    # Errors  Last Runtime    Last Run
------------------------------------  -----  ---------  --------  ----------  --------------  -------------------
/opt/airflow/dags/mon_premier_dag.py                           1           0  0.15s           2026-06-23T13:40:20
================================================================================
[2026-06-23T13:40:59.174+0000] {manager.py:879} INFO - 
================================================================================
DAG File Processing Stats

File Path                             PID    Runtime      # DAGs    # Errors  Last Runtime    Last Run
------------------------------------  -----  ---------  --------  ----------  --------------  -------------------
/opt/airflow/dags/mon_premier_dag.py                           1           0  0.16s           2026-06-23T13:40:51
================================================================================
[2026-06-23T13:41:29.543+0000] {manager.py:879} INFO - 
================================================================================
DAG File Processing Stats

File Path                             PID    Runtime      # DAGs    # Errors  Last Runtime    Last Run
------------------------------------  -----  ---------  --------  ----------  --------------  -------------------
/opt/airflow/dags/mon_premier_dag.py                           1           0  0.16s           2026-06-23T13:41:21
================================================================================
[2026-06-23T13:42:00.030+0000] {manager.py:879} INFO - 
================================================================================
DAG File Processing Stats

File Path                             PID    Runtime      # DAGs    # Errors  Last Runtime    Last Run
------------------------------------  -----  ---------  --------  ----------  --------------  -------------------
/opt/airflow/dags/mon_premier_dag.py                           1           0  0.15s           2026-06-23T13:41:51
================================================================================
[2026-06-23T13:42:30.449+0000] {manager.py:879} INFO - 
================================================================================
DAG File Processing Stats

File Path                             PID    Runtime      # DAGs    # Errors  Last Runtime    Last Run
------------------------------------  -----  ---------  --------  ----------  --------------  -------------------
/opt/airflow/dags/mon_premier_dag.py                           1           0  0.16s           2026-06-23T13:42:22
================================================================================
[2026-06-23T13:43:00.900+0000] {manager.py:879} INFO - 
================================================================================
DAG File Processing Stats

File Path                             PID    Runtime      # DAGs    # Errors  Last Runtime    Last Run
------------------------------------  -----  ---------  --------  ----------  --------------  -------------------
/opt/airflow/dags/mon_premier_dag.py                           1           0  0.16s           2026-06-23T13:42:52
================================================================================
[2026-06-23T13:43:02.923+0000] {manager.py:738} INFO - Searching for files in /opt/airflow/dags
[2026-06-23T13:43:02.958+0000] {manager.py:741} INFO - There are 1 files in /opt/airflow/dags
[2026-06-23T13:43:31.294+0000] {manager.py:879} INFO - 
================================================================================
DAG File Processing Stats

File Path                             PID    Runtime      # DAGs    # Errors  Last Runtime    Last Run
------------------------------------  -----  ---------  --------  ----------  --------------  -------------------
/opt/airflow/dags/mon_premier_dag.py                           1           0  0.17s           2026-06-23T13:43:23
================================================================================
[2026-06-23T13:44:01.864+0000] {manager.py:879} INFO - 
================================================================================
DAG File Processing Stats

File Path                             PID    Runtime      # DAGs    # Errors  Last Runtime    Last Run
------------------------------------  -----  ---------  --------  ----------  --------------  -------------------
/opt/airflow/dags/mon_premier_dag.py                           1           0  0.18s           2026-06-23T13:43:53
================================================================================
[2026-06-23T13:44:32.268+0000] {manager.py:879} INFO - 
================================================================================
DAG File Processing Stats

File Path                             PID    Runtime      # DAGs    # Errors  Last Runtime    Last Run
------------------------------------  -----  ---------  --------  ----------  --------------  -------------------
/opt/airflow/dags/mon_premier_dag.py                           1           0  0.17s           2026-06-23T13:44:24
================================================================================
[2026-06-23T13:45:02.672+0000] {manager.py:879} INFO - 
================================================================================
DAG File Processing Stats

File Path                             PID    Runtime      # DAGs    # Errors  Last Runtime    Last Run
------------------------------------  -----  ---------  --------  ----------  --------------  -------------------
/opt/airflow/dags/mon_premier_dag.py                           1           0  0.18s           2026-06-23T13:44:54
================================================================================
[2026-06-23T13:45:33.137+0000] {manager.py:879} INFO - 
================================================================================
DAG File Processing Stats

File Path                             PID    Runtime      # DAGs    # Errors  Last Runtime    Last Run
------------------------------------  -----  ---------  --------  ----------  --------------  -------------------
/opt/airflow/dags/mon_premier_dag.py                           1           0  0.21s           2026-06-23T13:45:25
================================================================================
[2026-06-23T13:46:03.603+0000] {manager.py:879} INFO - 
================================================================================
DAG File Processing Stats

File Path                             PID    Runtime      # DAGs    # Errors  Last Runtime    Last Run
------------------------------------  -----  ---------  --------  ----------  --------------  -------------------
/opt/airflow/dags/mon_premier_dag.py                           1           0  0.15s           2026-06-23T13:45:55
================================================================================
[2026-06-23T13:46:11.144+0000] {manager.py:451} INFO - Exiting gracefully upon receiving signal 15
[2026-06-23T13:46:56.069+0000] {manager.py:469} INFO - Processing files using up to 2 processes at a time 
[2026-06-23T13:46:56.070+0000] {manager.py:470} INFO - Process each file at most once every 30 seconds
[2026-06-23T13:46:56.071+0000] {manager.py:471} INFO - Checking for new files in /opt/airflow/dags every 300 seconds
[2026-06-23T13:46:56.073+0000] {manager.py:738} INFO - Searching for files in /opt/airflow/dags
[2026-06-23T13:46:56.112+0000] {manager.py:741} INFO - There are 1 files in /opt/airflow/dags
[2026-06-23T13:46:56.276+0000] {manager.py:879} INFO - 
================================================================================
DAG File Processing Stats

File Path                               PID  Runtime      # DAGs    # Errors  Last Runtime    Last Run
------------------------------------  -----  ---------  --------  ----------  --------------  ----------
/opt/airflow/dags/mon_premier_dag.py    185  0.07s             0           0
================================================================================
[2026-06-23T13:47:26.553+0000] {manager.py:879} INFO - 
================================================================================
DAG File Processing Stats

File Path                               PID  Runtime      # DAGs    # Errors  Last Runtime    Last Run
------------------------------------  -----  ---------  --------  ----------  --------------  -------------------
/opt/airflow/dags/mon_premier_dag.py    190  0.01s             1           0  0.22s           2026-06-23T13:46:56
================================================================================
[2026-06-23T13:47:57.128+0000] {manager.py:879} INFO - 
================================================================================
DAG File Processing Stats

File Path                               PID  Runtime      # DAGs    # Errors  Last Runtime    Last Run
------------------------------------  -----  ---------  --------  ----------  --------------  -------------------
/opt/airflow/dags/mon_premier_dag.py    195  0.01s             1           0  0.42s           2026-06-23T13:47:26
================================================================================
[2026-06-23T13:48:27.587+0000] {manager.py:879} INFO - 
================================================================================
DAG File Processing Stats

File Path                               PID  Runtime      # DAGs    # Errors  Last Runtime    Last Run
------------------------------------  -----  ---------  --------  ----------  --------------  -------------------
/opt/airflow/dags/mon_premier_dag.py    200  0.01s             1           0  0.18s           2026-06-23T13:47:57
================================================================================
[2026-06-23T13:48:58.075+0000] {manager.py:879} INFO - 
================================================================================
DAG File Processing Stats

File Path                               PID  Runtime      # DAGs    # Errors  Last Runtime    Last Run
------------------------------------  -----  ---------  --------  ----------  --------------  -------------------
/opt/airflow/dags/mon_premier_dag.py    205  0.01s             1           0  0.19s           2026-06-23T13:48:27
================================================================================
[2026-06-23T13:49:28.521+0000] {manager.py:879} INFO - 
================================================================================
DAG File Processing Stats

File Path                               PID  Runtime      # DAGs    # Errors  Last Runtime    Last Run
------------------------------------  -----  ---------  --------  ----------  --------------  -------------------
/opt/airflow/dags/mon_premier_dag.py    210  0.01s             1           0  0.18s           2026-06-23T13:48:58
================================================================================
[2026-06-23T13:49:59.042+0000] {manager.py:879} INFO - 
================================================================================
DAG File Processing Stats

File Path                               PID  Runtime      # DAGs    # Errors  Last Runtime    Last Run
------------------------------------  -----  ---------  --------  ----------  --------------  -------------------
/opt/airflow/dags/mon_premier_dag.py    215  0.01s             1           0  0.18s           2026-06-23T13:49:28
================================================================================
[2026-06-23T13:50:29.480+0000] {manager.py:879} INFO - 
================================================================================
DAG File Processing Stats

File Path                               PID  Runtime      # DAGs    # Errors  Last Runtime    Last Run
------------------------------------  -----  ---------  --------  ----------  --------------  -------------------
/opt/airflow/dags/mon_premier_dag.py    220  0.02s             1           0  0.19s           2026-06-23T13:49:59
================================================================================
[2026-06-23T13:50:59.859+0000] {manager.py:879} INFO - 
================================================================================
DAG File Processing Stats

File Path                               PID  Runtime      # DAGs    # Errors  Last Runtime    Last Run
------------------------------------  -----  ---------  --------  ----------  --------------  -------------------
/opt/airflow/dags/mon_premier_dag.py    225  0.00s             1           0  0.20s           2026-06-23T13:50:29
================================================================================
[2026-06-23T13:51:30.345+0000] {manager.py:879} INFO - 
================================================================================
DAG File Processing Stats

File Path                               PID  Runtime      # DAGs    # Errors  Last Runtime    Last Run
------------------------------------  -----  ---------  --------  ----------  --------------  -------------------
/opt/airflow/dags/mon_premier_dag.py    230  0.01s             1           0  0.30s           2026-06-23T13:51:00
================================================================================
[2026-06-23T13:51:56.795+0000] {manager.py:738} INFO - Searching for files in /opt/airflow/dags
[2026-06-23T13:51:56.824+0000] {manager.py:741} INFO - There are 1 files in /opt/airflow/dags
[2026-06-23T13:52:00.916+0000] {manager.py:879} INFO - 
================================================================================
DAG File Processing Stats

File Path                               PID  Runtime      # DAGs    # Errors  Last Runtime    Last Run
------------------------------------  -----  ---------  --------  ----------  --------------  -------------------
/opt/airflow/dags/mon_premier_dag.py    235  0.01s             1           0  0.18s           2026-06-23T13:51:30
================================================================================
[2026-06-23T13:52:33.217+0000] {manager.py:879} INFO - 
================================================================================
DAG File Processing Stats

File Path                             PID    Runtime      # DAGs    # Errors  Last Runtime    Last Run
------------------------------------  -----  ---------  --------  ----------  --------------  -------------------
/opt/airflow/dags/mon_premier_dag.py                           1           0  0.18s           2026-06-23T13:52:31
================================================================================
[2026-06-23T13:53:03.672+0000] {manager.py:879} INFO - 
================================================================================
DAG File Processing Stats

File Path                             PID    Runtime      # DAGs    # Errors  Last Runtime    Last Run
------------------------------------  -----  ---------  --------  ----------  --------------  -------------------
/opt/airflow/dags/mon_premier_dag.py                           1           0  0.17s           2026-06-23T13:53:01
================================================================================
[2026-06-23T13:53:34.076+0000] {manager.py:879} INFO - 
================================================================================
DAG File Processing Stats

File Path                             PID    Runtime      # DAGs    # Errors  Last Runtime    Last Run
------------------------------------  -----  ---------  --------  ----------  --------------  -------------------
/opt/airflow/dags/mon_premier_dag.py                           1           0  0.21s           2026-06-23T13:53:32
================================================================================
[2026-06-23T13:54:03.539+0000] {manager.py:1129} WARNING - Skipping processing of missing file: /opt/airflow/dags/mon_premier_dag.py
[2026-06-23T13:57:06.033+0000] {manager.py:469} INFO - Processing files using up to 2 processes at a time 
[2026-06-23T13:57:06.036+0000] {manager.py:470} INFO - Process each file at most once every 30 seconds
[2026-06-23T13:57:06.037+0000] {manager.py:471} INFO - Checking for new files in /opt/airflow/dags every 300 seconds
[2026-06-23T13:57:06.038+0000] {manager.py:738} INFO - Searching for files in /opt/airflow/dags
[2026-06-23T13:57:06.066+0000] {manager.py:741} INFO - There are 0 files in /opt/airflow/dags
[2026-06-23T14:02:06.874+0000] {manager.py:738} INFO - Searching for files in /opt/airflow/dags
[2026-06-23T14:02:06.898+0000] {manager.py:741} INFO - There are 0 files in /opt/airflow/dags
[2026-06-23T14:07:07.028+0000] {manager.py:738} INFO - Searching for files in /opt/airflow/dags
[2026-06-23T14:07:07.067+0000] {manager.py:741} INFO - There are 0 files in /opt/airflow/dags
[2026-06-23T14:12:07.407+0000] {manager.py:738} INFO - Searching for files in /opt/airflow/dags
[2026-06-23T14:12:07.448+0000] {manager.py:741} INFO - There are 0 files in /opt/airflow/dags
[2026-06-23T14:17:07.564+0000] {manager.py:738} INFO - Searching for files in /opt/airflow/dags
[2026-06-23T14:17:07.610+0000] {manager.py:741} INFO - There are 0 files in /opt/airflow/dags
[2026-06-23T14:20:06.554+0000] {manager.py:451} INFO - Exiting gracefully upon receiving signal 15
[2026-06-23T14:20:16.651+0000] {manager.py:469} INFO - Processing files using up to 2 processes at a time 
[2026-06-23T14:20:16.652+0000] {manager.py:470} INFO - Process each file at most once every 30 seconds
[2026-06-23T14:20:16.652+0000] {manager.py:471} INFO - Checking for new files in /opt/airflow/dags every 300 seconds
[2026-06-23T14:20:16.653+0000] {manager.py:738} INFO - Searching for files in /opt/airflow/dags
[2026-06-23T14:20:16.671+0000] {manager.py:741} INFO - There are 0 files in /opt/airflow/dags
[2026-06-23T14:43:36.255+0000] {manager.py:469} INFO - Processing files using up to 2 processes at a time 
[2026-06-23T14:43:36.257+0000] {manager.py:470} INFO - Process each file at most once every 30 seconds
[2026-06-23T14:43:36.259+0000] {manager.py:471} INFO - Checking for new files in /opt/airflow/dags every 300 seconds
[2026-06-23T14:43:36.260+0000] {manager.py:738} INFO - Searching for files in /opt/airflow/dags
[2026-06-23T14:43:36.293+0000] {manager.py:741} INFO - There are 0 files in /opt/airflow/dags
[2026-06-23T14:48:36.994+0000] {manager.py:738} INFO - Searching for files in /opt/airflow/dags
[2026-06-23T14:48:37.020+0000] {manager.py:741} INFO - There are 0 files in /opt/airflow/dags
[2026-06-23T14:53:37.599+0000] {manager.py:738} INFO - Searching for files in /opt/airflow/dags
[2026-06-23T14:53:37.621+0000] {manager.py:741} INFO - There are 0 files in /opt/airflow/dags
[2026-06-23T14:58:38.232+0000] {manager.py:738} INFO - Searching for files in /opt/airflow/dags
[2026-06-23T14:58:38.256+0000] {manager.py:741} INFO - There are 0 files in /opt/airflow/dags
[2026-06-23T15:03:38.934+0000] {manager.py:738} INFO - Searching for files in /opt/airflow/dags
[2026-06-23T15:03:38.955+0000] {manager.py:741} INFO - There are 0 files in /opt/airflow/dags
[2026-06-23T15:08:39.610+0000] {manager.py:738} INFO - Searching for files in /opt/airflow/dags
[2026-06-23T15:08:39.643+0000] {manager.py:741} INFO - There are 0 files in /opt/airflow/dags
[2026-06-23T15:13:40.340+0000] {manager.py:738} INFO - Searching for files in /opt/airflow/dags
[2026-06-23T15:13:40.368+0000] {manager.py:741} INFO - There are 0 files in /opt/airflow/dags
[2026-06-23T15:18:41.000+0000] {manager.py:738} INFO - Searching for files in /opt/airflow/dags
[2026-06-23T15:18:41.034+0000] {manager.py:741} INFO - There are 0 files in /opt/airflow/dags
[2026-06-23T15:23:41.673+0000] {manager.py:738} INFO - Searching for files in /opt/airflow/dags
[2026-06-23T15:23:41.725+0000] {manager.py:741} INFO - There are 0 files in /opt/airflow/dags
[2026-06-23T15:28:42.265+0000] {manager.py:738} INFO - Searching for files in /opt/airflow/dags
[2026-06-23T15:28:42.292+0000] {manager.py:741} INFO - There are 0 files in /opt/airflow/dags
[2026-06-23T15:33:42.813+0000] {manager.py:738} INFO - Searching for files in /opt/airflow/dags
[2026-06-23T15:33:42.836+0000] {manager.py:741} INFO - There are 0 files in /opt/airflow/dags
[2026-06-23T15:38:43.434+0000] {manager.py:738} INFO - Searching for files in /opt/airflow/dags
[2026-06-23T15:38:43.458+0000] {manager.py:741} INFO - There are 0 files in /opt/airflow/dags
[2026-06-23T15:43:44.043+0000] {manager.py:738} INFO - Searching for files in /opt/airflow/dags
[2026-06-23T15:43:44.074+0000] {manager.py:741} INFO - There are 0 files in /opt/airflow/dags
[2026-06-24T08:07:42.957+0000] {manager.py:469} INFO - Processing files using up to 2 processes at a time 
[2026-06-24T08:07:42.959+0000] {manager.py:470} INFO - Process each file at most once every 30 seconds
[2026-06-24T08:07:42.959+0000] {manager.py:471} INFO - Checking for new files in /opt/airflow/dags every 300 seconds
[2026-06-24T08:07:42.960+0000] {manager.py:738} INFO - Searching for files in /opt/airflow/dags
[2026-06-24T08:07:42.981+0000] {manager.py:741} INFO - There are 0 files in /opt/airflow/dags
[2026-06-24T08:12:43.459+0000] {manager.py:738} INFO - Searching for files in /opt/airflow/dags
[2026-06-24T08:12:43.486+0000] {manager.py:741} INFO - There are 0 files in /opt/airflow/dags
[2026-06-24T08:17:44.073+0000] {manager.py:738} INFO - Searching for files in /opt/airflow/dags
[2026-06-24T08:17:44.125+0000] {manager.py:741} INFO - There are 1 files in /opt/airflow/dags
[2026-06-24T08:17:48.232+0000] {manager.py:879} INFO - 
================================================================================
DAG File Processing Stats

File Path                                 PID    Runtime      # DAGs    # Errors  Last Runtime    Last Run
----------------------------------------  -----  ---------  --------  ----------  --------------  -------------------
/opt/airflow/dags/mise_a_jour_donnees.py                           1           0  2.04s           2026-06-24T08:17:46
================================================================================
[2026-06-24T08:17:57.706+0000] {manager.py:451} INFO - Exiting gracefully upon receiving signal 15
