[2026-06-29T09:11:38.617+0000] {taskinstance.py:1956} INFO - Dependencies all met for dep_context=non-requeueable deps ti=<TaskInstance: mise_a_jour_donnees.telecharger_donnees manual__2026-06-29T09:11:37.170246+00:00 [queued]>
[2026-06-29T09:11:38.627+0000] {taskinstance.py:1956} INFO - Dependencies all met for dep_context=requeueable deps ti=<TaskInstance: mise_a_jour_donnees.telecharger_donnees manual__2026-06-29T09:11:37.170246+00:00 [queued]>
[2026-06-29T09:11:38.627+0000] {taskinstance.py:2170} INFO - Starting attempt 1 of 1
[2026-06-29T09:11:38.642+0000] {taskinstance.py:2191} INFO - Executing <Task(PythonOperator): telecharger_donnees> on 2026-06-29 09:11:37.170246+00:00
[2026-06-29T09:11:38.648+0000] {standard_task_runner.py:60} INFO - Started process 286 to run task
[2026-06-29T09:11:38.653+0000] {standard_task_runner.py:87} INFO - Running: ['***', 'tasks', 'run', 'mise_a_jour_donnees', 'telecharger_donnees', 'manual__2026-06-29T09:11:37.170246+00:00', '--job-id', '4', '--raw', '--subdir', 'DAGS_FOLDER/mise_a_jour_donnees.py', '--cfg-path', '/tmp/tmpc73zun2n']
[2026-06-29T09:11:38.657+0000] {standard_task_runner.py:88} INFO - Job 4: Subtask telecharger_donnees
[2026-06-29T09:11:38.741+0000] {task_command.py:423} INFO - Running <TaskInstance: mise_a_jour_donnees.telecharger_donnees manual__2026-06-29T09:11:37.170246+00:00 [running]> on host 3569f424aa15
[2026-06-29T09:11:39.041+0000] {taskinstance.py:2480} INFO - Exporting env vars: AIRFLOW_CTX_DAG_OWNER='***' AIRFLOW_CTX_DAG_ID='mise_a_jour_donnees' AIRFLOW_CTX_TASK_ID='telecharger_donnees' AIRFLOW_CTX_EXECUTION_DATE='2026-06-29T09:11:37.170246+00:00' AIRFLOW_CTX_TRY_NUMBER='1' AIRFLOW_CTX_DAG_RUN_ID='manual__2026-06-29T09:11:37.170246+00:00'
[2026-06-29T09:11:39.043+0000] {logging_mixin.py:188} INFO - 📥 Téléchargement des données depuis KaggleHub...
[2026-06-29T09:11:41.853+0000] {logging_mixin.py:188} WARNING -   0%|          | 0.00/59.7k [00:00<?, ?B/s]
[2026-06-29T09:11:42.974+0000] {logging_mixin.py:188} WARNING - 100%|##########| 59.7k/59.7k [00:01<00:00, 54.6kB/s]
[2026-06-29T09:11:42.977+0000] {logging_mixin.py:188} WARNING - 100%|##########| 59.7k/59.7k [00:01<00:00, 54.4kB/s]
[2026-06-29T09:11:42.990+0000] {taskinstance.py:2698} ERROR - Task failed with exception
Traceback (most recent call last):
  File "/home/airflow/.local/lib/python3.8/site-packages/airflow/models/taskinstance.py", line 433, in _execute_task
    result = execute_callable(context=context, **execute_callable_kwargs)
  File "/home/airflow/.local/lib/python3.8/site-packages/airflow/operators/python.py", line 199, in execute
    return_value = self.execute_callable()
  File "/home/airflow/.local/lib/python3.8/site-packages/airflow/operators/python.py", line 216, in execute_callable
    return self.python_callable(*self.op_args, **self.op_kwargs)
  File "/opt/airflow/dags/telecharger_donnees_kaggle.py", line 11, in telecharger_et_sauvegarder_donnees
    path = kagglehub.dataset_download("swaptr/fifa-wc-2026-players")
  File "/home/airflow/.local/lib/python3.8/site-packages/kagglehub/datasets.py", line 28, in dataset_download
    return registry.dataset_resolver(h, path, force_download=force_download)
  File "/home/airflow/.local/lib/python3.8/site-packages/kagglehub/registry.py", line 23, in __call__
    return impl(*args, **kwargs)
  File "/home/airflow/.local/lib/python3.8/site-packages/kagglehub/http_resolver.py", line 65, in __call__
    _extract_archive(archive_path, out_path)
  File "/home/airflow/.local/lib/python3.8/site-packages/kagglehub/http_resolver.py", line 139, in _extract_archive
    if tarfile.is_tarfile(archive_path):
  File "/usr/local/lib/python3.8/tarfile.py", line 2749, in is_tarfile
    t = open(name)
  File "/usr/local/lib/python3.8/tarfile.py", line 1783, in open
    return func(name, "r", fileobj, **kwargs)
  File "/usr/local/lib/python3.8/tarfile.py", line 1847, in gzopen
    fileobj = GzipFile(name, mode + "b", compresslevel, fileobj)
  File "/usr/local/lib/python3.8/gzip.py", line 173, in __init__
    fileobj = self.myfileobj = builtins.open(filename, mode or 'rb')
FileNotFoundError: [Errno 2] No such file or directory: '/home/airflow/.cache/kagglehub/datasets/swaptr/fifa-wc-2026-players/28.archive'
[2026-06-29T09:11:43.008+0000] {taskinstance.py:1138} INFO - Marking task as FAILED. dag_id=mise_a_jour_donnees, task_id=telecharger_donnees, execution_date=20260629T091137, start_date=20260629T091138, end_date=20260629T091143
[2026-06-29T09:11:43.028+0000] {standard_task_runner.py:107} ERROR - Failed to execute job 4 for task telecharger_donnees ([Errno 2] No such file or directory: '/home/airflow/.cache/kagglehub/datasets/swaptr/fifa-wc-2026-players/28.archive'; 286)
[2026-06-29T09:11:43.061+0000] {local_task_job_runner.py:234} INFO - Task exited with return code 1
[2026-06-29T09:11:43.081+0000] {taskinstance.py:3280} INFO - 0 downstream tasks scheduled from follow-on schedule check
