[2026-06-23T13:18:00.392+0000] {processor.py:161} INFO - Started process (PID=167) to work on /opt/airflow/dags/mon_premier_dag.py
[2026-06-23T13:18:00.394+0000] {processor.py:830} INFO - Processing file /opt/airflow/dags/mon_premier_dag.py for tasks to queue
[2026-06-23T13:18:00.398+0000] {logging_mixin.py:188} INFO - [2026-06-23T13:18:00.396+0000] {dagbag.py:538} INFO - Filling up the DagBag from /opt/airflow/dags/mon_premier_dag.py
[2026-06-23T13:18:00.472+0000] {processor.py:840} INFO - DAG(s) 'mon_premier_dag' retrieved from /opt/airflow/dags/mon_premier_dag.py
[2026-06-23T13:18:00.783+0000] {logging_mixin.py:188} INFO - [2026-06-23T13:18:00.782+0000] {override.py:1769} INFO - Created Permission View: can read on DAG:mon_premier_dag
[2026-06-23T13:18:00.799+0000] {logging_mixin.py:188} INFO - [2026-06-23T13:18:00.799+0000] {override.py:1769} INFO - Created Permission View: can delete on DAG:mon_premier_dag
[2026-06-23T13:18:00.809+0000] {logging_mixin.py:188} INFO - [2026-06-23T13:18:00.809+0000] {override.py:1769} INFO - Created Permission View: can edit on DAG:mon_premier_dag
[2026-06-23T13:18:00.811+0000] {logging_mixin.py:188} INFO - [2026-06-23T13:18:00.810+0000] {dag.py:3036} INFO - Sync 1 DAGs
[2026-06-23T13:18:00.842+0000] {logging_mixin.py:188} INFO - [2026-06-23T13:18:00.841+0000] {dag.py:3058} INFO - Creating ORM DAG for mon_premier_dag
[2026-06-23T13:18:00.859+0000] {logging_mixin.py:188} INFO - [2026-06-23T13:18:00.859+0000] {dag.py:3823} INFO - Setting next_dagrun for mon_premier_dag to 2026-06-23 00:00:00+00:00, run_after=2026-06-23 00:00:00+00:00
[2026-06-23T13:18:00.885+0000] {processor.py:183} INFO - Processing /opt/airflow/dags/mon_premier_dag.py took 0.501 seconds
[2026-06-23T13:18:31.168+0000] {processor.py:161} INFO - Started process (PID=172) to work on /opt/airflow/dags/mon_premier_dag.py
[2026-06-23T13:18:31.170+0000] {processor.py:830} INFO - Processing file /opt/airflow/dags/mon_premier_dag.py for tasks to queue
[2026-06-23T13:18:31.172+0000] {logging_mixin.py:188} INFO - [2026-06-23T13:18:31.171+0000] {dagbag.py:538} INFO - Filling up the DagBag from /opt/airflow/dags/mon_premier_dag.py
[2026-06-23T13:18:31.207+0000] {processor.py:840} INFO - DAG(s) 'mon_premier_dag' retrieved from /opt/airflow/dags/mon_premier_dag.py
[2026-06-23T13:18:31.250+0000] {logging_mixin.py:188} INFO - [2026-06-23T13:18:31.250+0000] {dag.py:3036} INFO - Sync 1 DAGs
[2026-06-23T13:18:31.281+0000] {logging_mixin.py:188} INFO - [2026-06-23T13:18:31.281+0000] {dag.py:3823} INFO - Setting next_dagrun for mon_premier_dag to 2026-06-23 00:00:00+00:00, run_after=2026-06-23 00:00:00+00:00
[2026-06-23T13:18:31.313+0000] {processor.py:183} INFO - Processing /opt/airflow/dags/mon_premier_dag.py took 0.152 seconds
[2026-06-23T13:19:01.548+0000] {processor.py:161} INFO - Started process (PID=177) to work on /opt/airflow/dags/mon_premier_dag.py
[2026-06-23T13:19:01.550+0000] {processor.py:830} INFO - Processing file /opt/airflow/dags/mon_premier_dag.py for tasks to queue
[2026-06-23T13:19:01.552+0000] {logging_mixin.py:188} INFO - [2026-06-23T13:19:01.552+0000] {dagbag.py:538} INFO - Filling up the DagBag from /opt/airflow/dags/mon_premier_dag.py
[2026-06-23T13:19:01.591+0000] {processor.py:840} INFO - DAG(s) 'mon_premier_dag' retrieved from /opt/airflow/dags/mon_premier_dag.py
[2026-06-23T13:19:01.646+0000] {logging_mixin.py:188} INFO - [2026-06-23T13:19:01.646+0000] {dag.py:3036} INFO - Sync 1 DAGs
[2026-06-23T13:19:01.692+0000] {logging_mixin.py:188} INFO - [2026-06-23T13:19:01.692+0000] {dag.py:3823} INFO - Setting next_dagrun for mon_premier_dag to 2026-06-23 00:00:00+00:00, run_after=2026-06-23 00:00:00+00:00
[2026-06-23T13:19:01.732+0000] {processor.py:183} INFO - Processing /opt/airflow/dags/mon_premier_dag.py took 0.189 seconds
[2026-06-23T13:19:31.876+0000] {processor.py:161} INFO - Started process (PID=182) to work on /opt/airflow/dags/mon_premier_dag.py
[2026-06-23T13:19:31.878+0000] {processor.py:830} INFO - Processing file /opt/airflow/dags/mon_premier_dag.py for tasks to queue
[2026-06-23T13:19:31.880+0000] {logging_mixin.py:188} INFO - [2026-06-23T13:19:31.880+0000] {dagbag.py:538} INFO - Filling up the DagBag from /opt/airflow/dags/mon_premier_dag.py
[2026-06-23T13:19:31.908+0000] {processor.py:840} INFO - DAG(s) 'mon_premier_dag' retrieved from /opt/airflow/dags/mon_premier_dag.py
[2026-06-23T13:19:31.946+0000] {logging_mixin.py:188} INFO - [2026-06-23T13:19:31.946+0000] {dag.py:3036} INFO - Sync 1 DAGs
[2026-06-23T13:19:31.977+0000] {logging_mixin.py:188} INFO - [2026-06-23T13:19:31.977+0000] {dag.py:3823} INFO - Setting next_dagrun for mon_premier_dag to 2026-06-23 00:00:00+00:00, run_after=2026-06-23 00:00:00+00:00
[2026-06-23T13:19:32.007+0000] {processor.py:183} INFO - Processing /opt/airflow/dags/mon_premier_dag.py took 0.136 seconds
[2026-06-23T13:20:02.340+0000] {processor.py:161} INFO - Started process (PID=187) to work on /opt/airflow/dags/mon_premier_dag.py
[2026-06-23T13:20:02.341+0000] {processor.py:830} INFO - Processing file /opt/airflow/dags/mon_premier_dag.py for tasks to queue
[2026-06-23T13:20:02.342+0000] {logging_mixin.py:188} INFO - [2026-06-23T13:20:02.342+0000] {dagbag.py:538} INFO - Filling up the DagBag from /opt/airflow/dags/mon_premier_dag.py
[2026-06-23T13:20:02.371+0000] {processor.py:840} INFO - DAG(s) 'mon_premier_dag' retrieved from /opt/airflow/dags/mon_premier_dag.py
[2026-06-23T13:20:02.408+0000] {logging_mixin.py:188} INFO - [2026-06-23T13:20:02.408+0000] {dag.py:3036} INFO - Sync 1 DAGs
[2026-06-23T13:20:02.442+0000] {logging_mixin.py:188} INFO - [2026-06-23T13:20:02.441+0000] {dag.py:3823} INFO - Setting next_dagrun for mon_premier_dag to 2026-06-23 00:00:00+00:00, run_after=2026-06-23 00:00:00+00:00
[2026-06-23T13:20:02.474+0000] {processor.py:183} INFO - Processing /opt/airflow/dags/mon_premier_dag.py took 0.139 seconds
[2026-06-23T13:20:32.688+0000] {processor.py:161} INFO - Started process (PID=200) to work on /opt/airflow/dags/mon_premier_dag.py
[2026-06-23T13:20:32.690+0000] {processor.py:830} INFO - Processing file /opt/airflow/dags/mon_premier_dag.py for tasks to queue
[2026-06-23T13:20:32.691+0000] {logging_mixin.py:188} INFO - [2026-06-23T13:20:32.691+0000] {dagbag.py:538} INFO - Filling up the DagBag from /opt/airflow/dags/mon_premier_dag.py
[2026-06-23T13:20:32.723+0000] {processor.py:840} INFO - DAG(s) 'mon_premier_dag' retrieved from /opt/airflow/dags/mon_premier_dag.py
[2026-06-23T13:20:32.760+0000] {logging_mixin.py:188} INFO - [2026-06-23T13:20:32.760+0000] {dag.py:3036} INFO - Sync 1 DAGs
[2026-06-23T13:20:32.789+0000] {logging_mixin.py:188} INFO - [2026-06-23T13:20:32.789+0000] {dag.py:3823} INFO - Setting next_dagrun for mon_premier_dag to None, run_after=None
[2026-06-23T13:20:32.816+0000] {processor.py:183} INFO - Processing /opt/airflow/dags/mon_premier_dag.py took 0.134 seconds
[2026-06-23T13:21:03.136+0000] {processor.py:161} INFO - Started process (PID=209) to work on /opt/airflow/dags/mon_premier_dag.py
[2026-06-23T13:21:03.138+0000] {processor.py:830} INFO - Processing file /opt/airflow/dags/mon_premier_dag.py for tasks to queue
[2026-06-23T13:21:03.139+0000] {logging_mixin.py:188} INFO - [2026-06-23T13:21:03.139+0000] {dagbag.py:538} INFO - Filling up the DagBag from /opt/airflow/dags/mon_premier_dag.py
[2026-06-23T13:21:03.163+0000] {processor.py:840} INFO - DAG(s) 'mon_premier_dag' retrieved from /opt/airflow/dags/mon_premier_dag.py
[2026-06-23T13:21:03.196+0000] {logging_mixin.py:188} INFO - [2026-06-23T13:21:03.196+0000] {dag.py:3036} INFO - Sync 1 DAGs
[2026-06-23T13:21:03.223+0000] {logging_mixin.py:188} INFO - [2026-06-23T13:21:03.223+0000] {dag.py:3823} INFO - Setting next_dagrun for mon_premier_dag to None, run_after=None
[2026-06-23T13:21:03.249+0000] {processor.py:183} INFO - Processing /opt/airflow/dags/mon_premier_dag.py took 0.117 seconds
[2026-06-23T13:21:33.487+0000] {processor.py:161} INFO - Started process (PID=214) to work on /opt/airflow/dags/mon_premier_dag.py
[2026-06-23T13:21:33.489+0000] {processor.py:830} INFO - Processing file /opt/airflow/dags/mon_premier_dag.py for tasks to queue
[2026-06-23T13:21:33.491+0000] {logging_mixin.py:188} INFO - [2026-06-23T13:21:33.490+0000] {dagbag.py:538} INFO - Filling up the DagBag from /opt/airflow/dags/mon_premier_dag.py
[2026-06-23T13:21:33.526+0000] {processor.py:840} INFO - DAG(s) 'mon_premier_dag' retrieved from /opt/airflow/dags/mon_premier_dag.py
[2026-06-23T13:21:33.565+0000] {logging_mixin.py:188} INFO - [2026-06-23T13:21:33.565+0000] {dag.py:3036} INFO - Sync 1 DAGs
[2026-06-23T13:21:33.598+0000] {logging_mixin.py:188} INFO - [2026-06-23T13:21:33.598+0000] {dag.py:3823} INFO - Setting next_dagrun for mon_premier_dag to None, run_after=None
[2026-06-23T13:21:33.632+0000] {processor.py:183} INFO - Processing /opt/airflow/dags/mon_premier_dag.py took 0.151 seconds
[2026-06-23T13:22:03.981+0000] {processor.py:161} INFO - Started process (PID=219) to work on /opt/airflow/dags/mon_premier_dag.py
[2026-06-23T13:22:03.983+0000] {processor.py:830} INFO - Processing file /opt/airflow/dags/mon_premier_dag.py for tasks to queue
[2026-06-23T13:22:03.985+0000] {logging_mixin.py:188} INFO - [2026-06-23T13:22:03.984+0000] {dagbag.py:538} INFO - Filling up the DagBag from /opt/airflow/dags/mon_premier_dag.py
[2026-06-23T13:22:04.015+0000] {processor.py:840} INFO - DAG(s) 'mon_premier_dag' retrieved from /opt/airflow/dags/mon_premier_dag.py
[2026-06-23T13:22:04.049+0000] {logging_mixin.py:188} INFO - [2026-06-23T13:22:04.049+0000] {dag.py:3036} INFO - Sync 1 DAGs
[2026-06-23T13:22:04.082+0000] {logging_mixin.py:188} INFO - [2026-06-23T13:22:04.082+0000] {dag.py:3823} INFO - Setting next_dagrun for mon_premier_dag to None, run_after=None
[2026-06-23T13:22:04.114+0000] {processor.py:183} INFO - Processing /opt/airflow/dags/mon_premier_dag.py took 0.139 seconds
[2026-06-23T13:22:34.349+0000] {processor.py:161} INFO - Started process (PID=224) to work on /opt/airflow/dags/mon_premier_dag.py
[2026-06-23T13:22:34.350+0000] {processor.py:830} INFO - Processing file /opt/airflow/dags/mon_premier_dag.py for tasks to queue
[2026-06-23T13:22:34.352+0000] {logging_mixin.py:188} INFO - [2026-06-23T13:22:34.351+0000] {dagbag.py:538} INFO - Filling up the DagBag from /opt/airflow/dags/mon_premier_dag.py
[2026-06-23T13:22:34.381+0000] {processor.py:840} INFO - DAG(s) 'mon_premier_dag' retrieved from /opt/airflow/dags/mon_premier_dag.py
[2026-06-23T13:22:34.419+0000] {logging_mixin.py:188} INFO - [2026-06-23T13:22:34.419+0000] {dag.py:3036} INFO - Sync 1 DAGs
[2026-06-23T13:22:34.450+0000] {logging_mixin.py:188} INFO - [2026-06-23T13:22:34.449+0000] {dag.py:3823} INFO - Setting next_dagrun for mon_premier_dag to None, run_after=None
[2026-06-23T13:22:34.476+0000] {processor.py:183} INFO - Processing /opt/airflow/dags/mon_premier_dag.py took 0.133 seconds
[2026-06-23T13:23:04.968+0000] {processor.py:161} INFO - Started process (PID=229) to work on /opt/airflow/dags/mon_premier_dag.py
[2026-06-23T13:23:04.971+0000] {processor.py:830} INFO - Processing file /opt/airflow/dags/mon_premier_dag.py for tasks to queue
[2026-06-23T13:23:04.973+0000] {logging_mixin.py:188} INFO - [2026-06-23T13:23:04.972+0000] {dagbag.py:538} INFO - Filling up the DagBag from /opt/airflow/dags/mon_premier_dag.py
[2026-06-23T13:23:05.001+0000] {processor.py:840} INFO - DAG(s) 'mon_premier_dag' retrieved from /opt/airflow/dags/mon_premier_dag.py
[2026-06-23T13:23:05.033+0000] {logging_mixin.py:188} INFO - [2026-06-23T13:23:05.033+0000] {dag.py:3036} INFO - Sync 1 DAGs
[2026-06-23T13:23:05.060+0000] {logging_mixin.py:188} INFO - [2026-06-23T13:23:05.060+0000] {dag.py:3823} INFO - Setting next_dagrun for mon_premier_dag to None, run_after=None
[2026-06-23T13:23:05.109+0000] {processor.py:183} INFO - Processing /opt/airflow/dags/mon_premier_dag.py took 0.146 seconds
[2026-06-23T13:23:35.307+0000] {processor.py:161} INFO - Started process (PID=234) to work on /opt/airflow/dags/mon_premier_dag.py
[2026-06-23T13:23:35.308+0000] {processor.py:830} INFO - Processing file /opt/airflow/dags/mon_premier_dag.py for tasks to queue
[2026-06-23T13:23:35.309+0000] {logging_mixin.py:188} INFO - [2026-06-23T13:23:35.309+0000] {dagbag.py:538} INFO - Filling up the DagBag from /opt/airflow/dags/mon_premier_dag.py
[2026-06-23T13:23:35.338+0000] {processor.py:840} INFO - DAG(s) 'mon_premier_dag' retrieved from /opt/airflow/dags/mon_premier_dag.py
[2026-06-23T13:23:35.384+0000] {logging_mixin.py:188} INFO - [2026-06-23T13:23:35.383+0000] {dag.py:3036} INFO - Sync 1 DAGs
[2026-06-23T13:23:35.426+0000] {logging_mixin.py:188} INFO - [2026-06-23T13:23:35.426+0000] {dag.py:3823} INFO - Setting next_dagrun for mon_premier_dag to None, run_after=None
[2026-06-23T13:23:35.462+0000] {processor.py:183} INFO - Processing /opt/airflow/dags/mon_premier_dag.py took 0.159 seconds
[2026-06-23T13:24:05.858+0000] {processor.py:161} INFO - Started process (PID=239) to work on /opt/airflow/dags/mon_premier_dag.py
[2026-06-23T13:24:05.859+0000] {processor.py:830} INFO - Processing file /opt/airflow/dags/mon_premier_dag.py for tasks to queue
[2026-06-23T13:24:05.861+0000] {logging_mixin.py:188} INFO - [2026-06-23T13:24:05.860+0000] {dagbag.py:538} INFO - Filling up the DagBag from /opt/airflow/dags/mon_premier_dag.py
[2026-06-23T13:24:05.886+0000] {processor.py:840} INFO - DAG(s) 'mon_premier_dag' retrieved from /opt/airflow/dags/mon_premier_dag.py
[2026-06-23T13:24:05.917+0000] {logging_mixin.py:188} INFO - [2026-06-23T13:24:05.916+0000] {dag.py:3036} INFO - Sync 1 DAGs
[2026-06-23T13:24:05.961+0000] {logging_mixin.py:188} INFO - [2026-06-23T13:24:05.960+0000] {dag.py:3823} INFO - Setting next_dagrun for mon_premier_dag to None, run_after=None
[2026-06-23T13:24:05.994+0000] {processor.py:183} INFO - Processing /opt/airflow/dags/mon_premier_dag.py took 0.141 seconds
[2026-06-23T13:24:36.321+0000] {processor.py:161} INFO - Started process (PID=244) to work on /opt/airflow/dags/mon_premier_dag.py
[2026-06-23T13:24:36.323+0000] {processor.py:830} INFO - Processing file /opt/airflow/dags/mon_premier_dag.py for tasks to queue
[2026-06-23T13:24:36.325+0000] {logging_mixin.py:188} INFO - [2026-06-23T13:24:36.325+0000] {dagbag.py:538} INFO - Filling up the DagBag from /opt/airflow/dags/mon_premier_dag.py
[2026-06-23T13:24:36.362+0000] {processor.py:840} INFO - DAG(s) 'mon_premier_dag' retrieved from /opt/airflow/dags/mon_premier_dag.py
[2026-06-23T13:24:36.399+0000] {logging_mixin.py:188} INFO - [2026-06-23T13:24:36.399+0000] {dag.py:3036} INFO - Sync 1 DAGs
[2026-06-23T13:24:36.429+0000] {logging_mixin.py:188} INFO - [2026-06-23T13:24:36.429+0000] {dag.py:3823} INFO - Setting next_dagrun for mon_premier_dag to None, run_after=None
[2026-06-23T13:24:36.460+0000] {processor.py:183} INFO - Processing /opt/airflow/dags/mon_premier_dag.py took 0.144 seconds
[2026-06-23T13:25:06.750+0000] {processor.py:161} INFO - Started process (PID=249) to work on /opt/airflow/dags/mon_premier_dag.py
[2026-06-23T13:25:06.751+0000] {processor.py:830} INFO - Processing file /opt/airflow/dags/mon_premier_dag.py for tasks to queue
[2026-06-23T13:25:06.753+0000] {logging_mixin.py:188} INFO - [2026-06-23T13:25:06.752+0000] {dagbag.py:538} INFO - Filling up the DagBag from /opt/airflow/dags/mon_premier_dag.py
[2026-06-23T13:25:06.781+0000] {processor.py:840} INFO - DAG(s) 'mon_premier_dag' retrieved from /opt/airflow/dags/mon_premier_dag.py
[2026-06-23T13:25:06.815+0000] {logging_mixin.py:188} INFO - [2026-06-23T13:25:06.814+0000] {dag.py:3036} INFO - Sync 1 DAGs
[2026-06-23T13:25:06.847+0000] {logging_mixin.py:188} INFO - [2026-06-23T13:25:06.846+0000] {dag.py:3823} INFO - Setting next_dagrun for mon_premier_dag to None, run_after=None
[2026-06-23T13:25:06.878+0000] {processor.py:183} INFO - Processing /opt/airflow/dags/mon_premier_dag.py took 0.132 seconds
[2026-06-23T13:25:37.232+0000] {processor.py:161} INFO - Started process (PID=254) to work on /opt/airflow/dags/mon_premier_dag.py
[2026-06-23T13:25:37.233+0000] {processor.py:830} INFO - Processing file /opt/airflow/dags/mon_premier_dag.py for tasks to queue
[2026-06-23T13:25:37.235+0000] {logging_mixin.py:188} INFO - [2026-06-23T13:25:37.234+0000] {dagbag.py:538} INFO - Filling up the DagBag from /opt/airflow/dags/mon_premier_dag.py
[2026-06-23T13:25:37.257+0000] {processor.py:840} INFO - DAG(s) 'mon_premier_dag' retrieved from /opt/airflow/dags/mon_premier_dag.py
[2026-06-23T13:25:37.288+0000] {logging_mixin.py:188} INFO - [2026-06-23T13:25:37.288+0000] {dag.py:3036} INFO - Sync 1 DAGs
[2026-06-23T13:25:37.317+0000] {logging_mixin.py:188} INFO - [2026-06-23T13:25:37.316+0000] {dag.py:3823} INFO - Setting next_dagrun for mon_premier_dag to None, run_after=None
[2026-06-23T13:25:37.343+0000] {processor.py:183} INFO - Processing /opt/airflow/dags/mon_premier_dag.py took 0.114 seconds
[2026-06-23T13:26:07.626+0000] {processor.py:161} INFO - Started process (PID=259) to work on /opt/airflow/dags/mon_premier_dag.py
[2026-06-23T13:26:07.628+0000] {processor.py:830} INFO - Processing file /opt/airflow/dags/mon_premier_dag.py for tasks to queue
[2026-06-23T13:26:07.629+0000] {logging_mixin.py:188} INFO - [2026-06-23T13:26:07.629+0000] {dagbag.py:538} INFO - Filling up the DagBag from /opt/airflow/dags/mon_premier_dag.py
[2026-06-23T13:26:07.652+0000] {processor.py:840} INFO - DAG(s) 'mon_premier_dag' retrieved from /opt/airflow/dags/mon_premier_dag.py
[2026-06-23T13:26:07.682+0000] {logging_mixin.py:188} INFO - [2026-06-23T13:26:07.681+0000] {dag.py:3036} INFO - Sync 1 DAGs
[2026-06-23T13:26:07.710+0000] {logging_mixin.py:188} INFO - [2026-06-23T13:26:07.709+0000] {dag.py:3823} INFO - Setting next_dagrun for mon_premier_dag to None, run_after=None
[2026-06-23T13:26:07.738+0000] {processor.py:183} INFO - Processing /opt/airflow/dags/mon_premier_dag.py took 0.114 seconds
[2026-06-23T13:26:38.085+0000] {processor.py:161} INFO - Started process (PID=264) to work on /opt/airflow/dags/mon_premier_dag.py
[2026-06-23T13:26:38.086+0000] {processor.py:830} INFO - Processing file /opt/airflow/dags/mon_premier_dag.py for tasks to queue
[2026-06-23T13:26:38.088+0000] {logging_mixin.py:188} INFO - [2026-06-23T13:26:38.087+0000] {dagbag.py:538} INFO - Filling up the DagBag from /opt/airflow/dags/mon_premier_dag.py
[2026-06-23T13:26:38.111+0000] {processor.py:840} INFO - DAG(s) 'mon_premier_dag' retrieved from /opt/airflow/dags/mon_premier_dag.py
[2026-06-23T13:26:38.145+0000] {logging_mixin.py:188} INFO - [2026-06-23T13:26:38.145+0000] {dag.py:3036} INFO - Sync 1 DAGs
[2026-06-23T13:26:38.177+0000] {logging_mixin.py:188} INFO - [2026-06-23T13:26:38.177+0000] {dag.py:3823} INFO - Setting next_dagrun for mon_premier_dag to None, run_after=None
[2026-06-23T13:26:38.207+0000] {processor.py:183} INFO - Processing /opt/airflow/dags/mon_premier_dag.py took 0.126 seconds
[2026-06-23T13:27:08.431+0000] {processor.py:161} INFO - Started process (PID=269) to work on /opt/airflow/dags/mon_premier_dag.py
[2026-06-23T13:27:08.433+0000] {processor.py:830} INFO - Processing file /opt/airflow/dags/mon_premier_dag.py for tasks to queue
[2026-06-23T13:27:08.435+0000] {logging_mixin.py:188} INFO - [2026-06-23T13:27:08.434+0000] {dagbag.py:538} INFO - Filling up the DagBag from /opt/airflow/dags/mon_premier_dag.py
[2026-06-23T13:27:08.463+0000] {processor.py:840} INFO - DAG(s) 'mon_premier_dag' retrieved from /opt/airflow/dags/mon_premier_dag.py
[2026-06-23T13:27:08.495+0000] {logging_mixin.py:188} INFO - [2026-06-23T13:27:08.495+0000] {dag.py:3036} INFO - Sync 1 DAGs
[2026-06-23T13:27:08.525+0000] {logging_mixin.py:188} INFO - [2026-06-23T13:27:08.525+0000] {dag.py:3823} INFO - Setting next_dagrun for mon_premier_dag to None, run_after=None
[2026-06-23T13:27:08.554+0000] {processor.py:183} INFO - Processing /opt/airflow/dags/mon_premier_dag.py took 0.128 seconds
[2026-06-23T13:27:38.863+0000] {processor.py:161} INFO - Started process (PID=274) to work on /opt/airflow/dags/mon_premier_dag.py
[2026-06-23T13:27:38.864+0000] {processor.py:830} INFO - Processing file /opt/airflow/dags/mon_premier_dag.py for tasks to queue
[2026-06-23T13:27:38.865+0000] {logging_mixin.py:188} INFO - [2026-06-23T13:27:38.865+0000] {dagbag.py:538} INFO - Filling up the DagBag from /opt/airflow/dags/mon_premier_dag.py
[2026-06-23T13:27:38.891+0000] {processor.py:840} INFO - DAG(s) 'mon_premier_dag' retrieved from /opt/airflow/dags/mon_premier_dag.py
[2026-06-23T13:27:38.926+0000] {logging_mixin.py:188} INFO - [2026-06-23T13:27:38.925+0000] {dag.py:3036} INFO - Sync 1 DAGs
[2026-06-23T13:27:38.952+0000] {logging_mixin.py:188} INFO - [2026-06-23T13:27:38.952+0000] {dag.py:3823} INFO - Setting next_dagrun for mon_premier_dag to None, run_after=None
[2026-06-23T13:27:38.990+0000] {processor.py:183} INFO - Processing /opt/airflow/dags/mon_premier_dag.py took 0.132 seconds
[2026-06-23T13:28:09.134+0000] {processor.py:161} INFO - Started process (PID=279) to work on /opt/airflow/dags/mon_premier_dag.py
[2026-06-23T13:28:09.138+0000] {processor.py:830} INFO - Processing file /opt/airflow/dags/mon_premier_dag.py for tasks to queue
[2026-06-23T13:28:09.139+0000] {logging_mixin.py:188} INFO - [2026-06-23T13:28:09.139+0000] {dagbag.py:538} INFO - Filling up the DagBag from /opt/airflow/dags/mon_premier_dag.py
[2026-06-23T13:28:09.172+0000] {processor.py:840} INFO - DAG(s) 'mon_premier_dag' retrieved from /opt/airflow/dags/mon_premier_dag.py
[2026-06-23T13:28:09.224+0000] {logging_mixin.py:188} INFO - [2026-06-23T13:28:09.224+0000] {dag.py:3036} INFO - Sync 1 DAGs
[2026-06-23T13:28:09.256+0000] {logging_mixin.py:188} INFO - [2026-06-23T13:28:09.255+0000] {dag.py:3823} INFO - Setting next_dagrun for mon_premier_dag to None, run_after=None
[2026-06-23T13:28:09.285+0000] {processor.py:183} INFO - Processing /opt/airflow/dags/mon_premier_dag.py took 0.157 seconds
[2026-06-23T13:28:39.617+0000] {processor.py:161} INFO - Started process (PID=284) to work on /opt/airflow/dags/mon_premier_dag.py
[2026-06-23T13:28:39.618+0000] {processor.py:830} INFO - Processing file /opt/airflow/dags/mon_premier_dag.py for tasks to queue
[2026-06-23T13:28:39.620+0000] {logging_mixin.py:188} INFO - [2026-06-23T13:28:39.619+0000] {dagbag.py:538} INFO - Filling up the DagBag from /opt/airflow/dags/mon_premier_dag.py
[2026-06-23T13:28:39.650+0000] {processor.py:840} INFO - DAG(s) 'mon_premier_dag' retrieved from /opt/airflow/dags/mon_premier_dag.py
[2026-06-23T13:28:39.687+0000] {logging_mixin.py:188} INFO - [2026-06-23T13:28:39.687+0000] {dag.py:3036} INFO - Sync 1 DAGs
[2026-06-23T13:28:39.718+0000] {logging_mixin.py:188} INFO - [2026-06-23T13:28:39.718+0000] {dag.py:3823} INFO - Setting next_dagrun for mon_premier_dag to None, run_after=None
[2026-06-23T13:28:39.750+0000] {processor.py:183} INFO - Processing /opt/airflow/dags/mon_premier_dag.py took 0.138 seconds
[2026-06-23T13:29:10.071+0000] {processor.py:161} INFO - Started process (PID=289) to work on /opt/airflow/dags/mon_premier_dag.py
[2026-06-23T13:29:10.073+0000] {processor.py:830} INFO - Processing file /opt/airflow/dags/mon_premier_dag.py for tasks to queue
[2026-06-23T13:29:10.075+0000] {logging_mixin.py:188} INFO - [2026-06-23T13:29:10.074+0000] {dagbag.py:538} INFO - Filling up the DagBag from /opt/airflow/dags/mon_premier_dag.py
[2026-06-23T13:29:10.105+0000] {processor.py:840} INFO - DAG(s) 'mon_premier_dag' retrieved from /opt/airflow/dags/mon_premier_dag.py
[2026-06-23T13:29:10.139+0000] {logging_mixin.py:188} INFO - [2026-06-23T13:29:10.139+0000] {dag.py:3036} INFO - Sync 1 DAGs
[2026-06-23T13:29:10.168+0000] {logging_mixin.py:188} INFO - [2026-06-23T13:29:10.168+0000] {dag.py:3823} INFO - Setting next_dagrun for mon_premier_dag to None, run_after=None
[2026-06-23T13:29:10.196+0000] {processor.py:183} INFO - Processing /opt/airflow/dags/mon_premier_dag.py took 0.130 seconds
[2026-06-23T13:29:40.545+0000] {processor.py:161} INFO - Started process (PID=294) to work on /opt/airflow/dags/mon_premier_dag.py
[2026-06-23T13:29:40.546+0000] {processor.py:830} INFO - Processing file /opt/airflow/dags/mon_premier_dag.py for tasks to queue
[2026-06-23T13:29:40.548+0000] {logging_mixin.py:188} INFO - [2026-06-23T13:29:40.547+0000] {dagbag.py:538} INFO - Filling up the DagBag from /opt/airflow/dags/mon_premier_dag.py
[2026-06-23T13:29:40.577+0000] {processor.py:840} INFO - DAG(s) 'mon_premier_dag' retrieved from /opt/airflow/dags/mon_premier_dag.py
[2026-06-23T13:29:40.624+0000] {logging_mixin.py:188} INFO - [2026-06-23T13:29:40.624+0000] {dag.py:3036} INFO - Sync 1 DAGs
[2026-06-23T13:29:40.661+0000] {logging_mixin.py:188} INFO - [2026-06-23T13:29:40.660+0000] {dag.py:3823} INFO - Setting next_dagrun for mon_premier_dag to None, run_after=None
[2026-06-23T13:29:40.722+0000] {processor.py:183} INFO - Processing /opt/airflow/dags/mon_premier_dag.py took 0.182 seconds
[2026-06-23T13:30:10.951+0000] {processor.py:161} INFO - Started process (PID=299) to work on /opt/airflow/dags/mon_premier_dag.py
[2026-06-23T13:30:10.952+0000] {processor.py:830} INFO - Processing file /opt/airflow/dags/mon_premier_dag.py for tasks to queue
[2026-06-23T13:30:10.954+0000] {logging_mixin.py:188} INFO - [2026-06-23T13:30:10.954+0000] {dagbag.py:538} INFO - Filling up the DagBag from /opt/airflow/dags/mon_premier_dag.py
[2026-06-23T13:30:10.981+0000] {processor.py:840} INFO - DAG(s) 'mon_premier_dag' retrieved from /opt/airflow/dags/mon_premier_dag.py
[2026-06-23T13:30:11.013+0000] {logging_mixin.py:188} INFO - [2026-06-23T13:30:11.013+0000] {dag.py:3036} INFO - Sync 1 DAGs
[2026-06-23T13:30:11.039+0000] {logging_mixin.py:188} INFO - [2026-06-23T13:30:11.038+0000] {dag.py:3823} INFO - Setting next_dagrun for mon_premier_dag to None, run_after=None
[2026-06-23T13:30:11.066+0000] {processor.py:183} INFO - Processing /opt/airflow/dags/mon_premier_dag.py took 0.122 seconds
[2026-06-23T13:30:41.500+0000] {processor.py:161} INFO - Started process (PID=304) to work on /opt/airflow/dags/mon_premier_dag.py
[2026-06-23T13:30:41.501+0000] {processor.py:830} INFO - Processing file /opt/airflow/dags/mon_premier_dag.py for tasks to queue
[2026-06-23T13:30:41.502+0000] {logging_mixin.py:188} INFO - [2026-06-23T13:30:41.502+0000] {dagbag.py:538} INFO - Filling up the DagBag from /opt/airflow/dags/mon_premier_dag.py
[2026-06-23T13:30:41.531+0000] {processor.py:840} INFO - DAG(s) 'mon_premier_dag' retrieved from /opt/airflow/dags/mon_premier_dag.py
[2026-06-23T13:30:41.562+0000] {logging_mixin.py:188} INFO - [2026-06-23T13:30:41.562+0000] {dag.py:3036} INFO - Sync 1 DAGs
[2026-06-23T13:30:41.589+0000] {logging_mixin.py:188} INFO - [2026-06-23T13:30:41.589+0000] {dag.py:3823} INFO - Setting next_dagrun for mon_premier_dag to None, run_after=None
[2026-06-23T13:30:41.620+0000] {processor.py:183} INFO - Processing /opt/airflow/dags/mon_premier_dag.py took 0.123 seconds
[2026-06-23T13:31:11.835+0000] {processor.py:161} INFO - Started process (PID=309) to work on /opt/airflow/dags/mon_premier_dag.py
[2026-06-23T13:31:11.837+0000] {processor.py:830} INFO - Processing file /opt/airflow/dags/mon_premier_dag.py for tasks to queue
[2026-06-23T13:31:11.838+0000] {logging_mixin.py:188} INFO - [2026-06-23T13:31:11.838+0000] {dagbag.py:538} INFO - Filling up the DagBag from /opt/airflow/dags/mon_premier_dag.py
[2026-06-23T13:31:11.865+0000] {processor.py:840} INFO - DAG(s) 'mon_premier_dag' retrieved from /opt/airflow/dags/mon_premier_dag.py
[2026-06-23T13:31:11.895+0000] {logging_mixin.py:188} INFO - [2026-06-23T13:31:11.895+0000] {dag.py:3036} INFO - Sync 1 DAGs
[2026-06-23T13:31:11.923+0000] {logging_mixin.py:188} INFO - [2026-06-23T13:31:11.923+0000] {dag.py:3823} INFO - Setting next_dagrun for mon_premier_dag to None, run_after=None
[2026-06-23T13:31:11.952+0000] {processor.py:183} INFO - Processing /opt/airflow/dags/mon_premier_dag.py took 0.120 seconds
[2026-06-23T13:31:42.235+0000] {processor.py:161} INFO - Started process (PID=314) to work on /opt/airflow/dags/mon_premier_dag.py
[2026-06-23T13:31:42.236+0000] {processor.py:830} INFO - Processing file /opt/airflow/dags/mon_premier_dag.py for tasks to queue
[2026-06-23T13:31:42.238+0000] {logging_mixin.py:188} INFO - [2026-06-23T13:31:42.237+0000] {dagbag.py:538} INFO - Filling up the DagBag from /opt/airflow/dags/mon_premier_dag.py
[2026-06-23T13:31:42.267+0000] {processor.py:840} INFO - DAG(s) 'mon_premier_dag' retrieved from /opt/airflow/dags/mon_premier_dag.py
[2026-06-23T13:31:42.305+0000] {logging_mixin.py:188} INFO - [2026-06-23T13:31:42.305+0000] {dag.py:3036} INFO - Sync 1 DAGs
[2026-06-23T13:31:42.366+0000] {logging_mixin.py:188} INFO - [2026-06-23T13:31:42.366+0000] {dag.py:3823} INFO - Setting next_dagrun for mon_premier_dag to None, run_after=None
[2026-06-23T13:31:42.444+0000] {processor.py:183} INFO - Processing /opt/airflow/dags/mon_premier_dag.py took 0.214 seconds
[2026-06-23T13:32:12.741+0000] {processor.py:161} INFO - Started process (PID=319) to work on /opt/airflow/dags/mon_premier_dag.py
[2026-06-23T13:32:12.743+0000] {processor.py:830} INFO - Processing file /opt/airflow/dags/mon_premier_dag.py for tasks to queue
[2026-06-23T13:32:12.744+0000] {logging_mixin.py:188} INFO - [2026-06-23T13:32:12.744+0000] {dagbag.py:538} INFO - Filling up the DagBag from /opt/airflow/dags/mon_premier_dag.py
[2026-06-23T13:32:12.770+0000] {processor.py:840} INFO - DAG(s) 'mon_premier_dag' retrieved from /opt/airflow/dags/mon_premier_dag.py
[2026-06-23T13:32:12.800+0000] {logging_mixin.py:188} INFO - [2026-06-23T13:32:12.799+0000] {dag.py:3036} INFO - Sync 1 DAGs
[2026-06-23T13:32:12.827+0000] {logging_mixin.py:188} INFO - [2026-06-23T13:32:12.827+0000] {dag.py:3823} INFO - Setting next_dagrun for mon_premier_dag to None, run_after=None
[2026-06-23T13:32:12.860+0000] {processor.py:183} INFO - Processing /opt/airflow/dags/mon_premier_dag.py took 0.123 seconds
[2026-06-23T13:32:43.208+0000] {processor.py:161} INFO - Started process (PID=324) to work on /opt/airflow/dags/mon_premier_dag.py
[2026-06-23T13:32:43.210+0000] {processor.py:830} INFO - Processing file /opt/airflow/dags/mon_premier_dag.py for tasks to queue
[2026-06-23T13:32:43.211+0000] {logging_mixin.py:188} INFO - [2026-06-23T13:32:43.210+0000] {dagbag.py:538} INFO - Filling up the DagBag from /opt/airflow/dags/mon_premier_dag.py
[2026-06-23T13:32:43.235+0000] {processor.py:840} INFO - DAG(s) 'mon_premier_dag' retrieved from /opt/airflow/dags/mon_premier_dag.py
[2026-06-23T13:32:43.264+0000] {logging_mixin.py:188} INFO - [2026-06-23T13:32:43.263+0000] {dag.py:3036} INFO - Sync 1 DAGs
[2026-06-23T13:32:43.292+0000] {logging_mixin.py:188} INFO - [2026-06-23T13:32:43.292+0000] {dag.py:3823} INFO - Setting next_dagrun for mon_premier_dag to None, run_after=None
[2026-06-23T13:32:43.320+0000] {processor.py:183} INFO - Processing /opt/airflow/dags/mon_premier_dag.py took 0.115 seconds
[2026-06-23T13:33:13.594+0000] {processor.py:161} INFO - Started process (PID=329) to work on /opt/airflow/dags/mon_premier_dag.py
[2026-06-23T13:33:13.595+0000] {processor.py:830} INFO - Processing file /opt/airflow/dags/mon_premier_dag.py for tasks to queue
[2026-06-23T13:33:13.597+0000] {logging_mixin.py:188} INFO - [2026-06-23T13:33:13.596+0000] {dagbag.py:538} INFO - Filling up the DagBag from /opt/airflow/dags/mon_premier_dag.py
[2026-06-23T13:33:13.620+0000] {processor.py:840} INFO - DAG(s) 'mon_premier_dag' retrieved from /opt/airflow/dags/mon_premier_dag.py
[2026-06-23T13:33:13.653+0000] {logging_mixin.py:188} INFO - [2026-06-23T13:33:13.653+0000] {dag.py:3036} INFO - Sync 1 DAGs
[2026-06-23T13:33:13.684+0000] {logging_mixin.py:188} INFO - [2026-06-23T13:33:13.683+0000] {dag.py:3823} INFO - Setting next_dagrun for mon_premier_dag to None, run_after=None
[2026-06-23T13:33:13.716+0000] {processor.py:183} INFO - Processing /opt/airflow/dags/mon_premier_dag.py took 0.128 seconds
[2026-06-23T13:33:43.913+0000] {processor.py:161} INFO - Started process (PID=334) to work on /opt/airflow/dags/mon_premier_dag.py
[2026-06-23T13:33:43.914+0000] {processor.py:830} INFO - Processing file /opt/airflow/dags/mon_premier_dag.py for tasks to queue
[2026-06-23T13:33:43.916+0000] {logging_mixin.py:188} INFO - [2026-06-23T13:33:43.915+0000] {dagbag.py:538} INFO - Filling up the DagBag from /opt/airflow/dags/mon_premier_dag.py
[2026-06-23T13:33:43.940+0000] {processor.py:840} INFO - DAG(s) 'mon_premier_dag' retrieved from /opt/airflow/dags/mon_premier_dag.py
[2026-06-23T13:33:43.970+0000] {logging_mixin.py:188} INFO - [2026-06-23T13:33:43.970+0000] {dag.py:3036} INFO - Sync 1 DAGs
[2026-06-23T13:33:44.001+0000] {logging_mixin.py:188} INFO - [2026-06-23T13:33:44.000+0000] {dag.py:3823} INFO - Setting next_dagrun for mon_premier_dag to None, run_after=None
[2026-06-23T13:33:44.031+0000] {processor.py:183} INFO - Processing /opt/airflow/dags/mon_premier_dag.py took 0.122 seconds
[2026-06-23T13:34:14.479+0000] {processor.py:161} INFO - Started process (PID=339) to work on /opt/airflow/dags/mon_premier_dag.py
[2026-06-23T13:34:14.480+0000] {processor.py:830} INFO - Processing file /opt/airflow/dags/mon_premier_dag.py for tasks to queue
[2026-06-23T13:34:14.481+0000] {logging_mixin.py:188} INFO - [2026-06-23T13:34:14.481+0000] {dagbag.py:538} INFO - Filling up the DagBag from /opt/airflow/dags/mon_premier_dag.py
[2026-06-23T13:34:14.511+0000] {processor.py:840} INFO - DAG(s) 'mon_premier_dag' retrieved from /opt/airflow/dags/mon_premier_dag.py
[2026-06-23T13:34:14.542+0000] {logging_mixin.py:188} INFO - [2026-06-23T13:34:14.542+0000] {dag.py:3036} INFO - Sync 1 DAGs
[2026-06-23T13:34:14.573+0000] {logging_mixin.py:188} INFO - [2026-06-23T13:34:14.572+0000] {dag.py:3823} INFO - Setting next_dagrun for mon_premier_dag to None, run_after=None
[2026-06-23T13:34:14.609+0000] {processor.py:183} INFO - Processing /opt/airflow/dags/mon_premier_dag.py took 0.134 seconds
[2026-06-23T13:34:44.959+0000] {processor.py:161} INFO - Started process (PID=344) to work on /opt/airflow/dags/mon_premier_dag.py
[2026-06-23T13:34:44.960+0000] {processor.py:830} INFO - Processing file /opt/airflow/dags/mon_premier_dag.py for tasks to queue
[2026-06-23T13:34:44.962+0000] {logging_mixin.py:188} INFO - [2026-06-23T13:34:44.962+0000] {dagbag.py:538} INFO - Filling up the DagBag from /opt/airflow/dags/mon_premier_dag.py
[2026-06-23T13:34:44.990+0000] {processor.py:840} INFO - DAG(s) 'mon_premier_dag' retrieved from /opt/airflow/dags/mon_premier_dag.py
[2026-06-23T13:34:45.026+0000] {logging_mixin.py:188} INFO - [2026-06-23T13:34:45.026+0000] {dag.py:3036} INFO - Sync 1 DAGs
[2026-06-23T13:34:45.058+0000] {logging_mixin.py:188} INFO - [2026-06-23T13:34:45.057+0000] {dag.py:3823} INFO - Setting next_dagrun for mon_premier_dag to None, run_after=None
[2026-06-23T13:34:45.113+0000] {processor.py:183} INFO - Processing /opt/airflow/dags/mon_premier_dag.py took 0.157 seconds
[2026-06-23T13:35:15.460+0000] {processor.py:161} INFO - Started process (PID=349) to work on /opt/airflow/dags/mon_premier_dag.py
[2026-06-23T13:35:15.462+0000] {processor.py:830} INFO - Processing file /opt/airflow/dags/mon_premier_dag.py for tasks to queue
[2026-06-23T13:35:15.464+0000] {logging_mixin.py:188} INFO - [2026-06-23T13:35:15.463+0000] {dagbag.py:538} INFO - Filling up the DagBag from /opt/airflow/dags/mon_premier_dag.py
[2026-06-23T13:35:15.498+0000] {processor.py:840} INFO - DAG(s) 'mon_premier_dag' retrieved from /opt/airflow/dags/mon_premier_dag.py
[2026-06-23T13:35:15.532+0000] {logging_mixin.py:188} INFO - [2026-06-23T13:35:15.531+0000] {dag.py:3036} INFO - Sync 1 DAGs
[2026-06-23T13:35:15.559+0000] {logging_mixin.py:188} INFO - [2026-06-23T13:35:15.559+0000] {dag.py:3823} INFO - Setting next_dagrun for mon_premier_dag to None, run_after=None
[2026-06-23T13:35:15.587+0000] {processor.py:183} INFO - Processing /opt/airflow/dags/mon_premier_dag.py took 0.132 seconds
[2026-06-23T13:35:45.895+0000] {processor.py:161} INFO - Started process (PID=354) to work on /opt/airflow/dags/mon_premier_dag.py
[2026-06-23T13:35:45.896+0000] {processor.py:830} INFO - Processing file /opt/airflow/dags/mon_premier_dag.py for tasks to queue
[2026-06-23T13:35:45.898+0000] {logging_mixin.py:188} INFO - [2026-06-23T13:35:45.897+0000] {dagbag.py:538} INFO - Filling up the DagBag from /opt/airflow/dags/mon_premier_dag.py
[2026-06-23T13:35:45.924+0000] {processor.py:840} INFO - DAG(s) 'mon_premier_dag' retrieved from /opt/airflow/dags/mon_premier_dag.py
[2026-06-23T13:35:45.954+0000] {logging_mixin.py:188} INFO - [2026-06-23T13:35:45.954+0000] {dag.py:3036} INFO - Sync 1 DAGs
[2026-06-23T13:35:45.981+0000] {logging_mixin.py:188} INFO - [2026-06-23T13:35:45.981+0000] {dag.py:3823} INFO - Setting next_dagrun for mon_premier_dag to None, run_after=None
[2026-06-23T13:35:46.032+0000] {processor.py:183} INFO - Processing /opt/airflow/dags/mon_premier_dag.py took 0.142 seconds
[2026-06-23T13:36:16.447+0000] {processor.py:161} INFO - Started process (PID=359) to work on /opt/airflow/dags/mon_premier_dag.py
[2026-06-23T13:36:16.448+0000] {processor.py:830} INFO - Processing file /opt/airflow/dags/mon_premier_dag.py for tasks to queue
[2026-06-23T13:36:16.450+0000] {logging_mixin.py:188} INFO - [2026-06-23T13:36:16.449+0000] {dagbag.py:538} INFO - Filling up the DagBag from /opt/airflow/dags/mon_premier_dag.py
[2026-06-23T13:36:16.475+0000] {processor.py:840} INFO - DAG(s) 'mon_premier_dag' retrieved from /opt/airflow/dags/mon_premier_dag.py
[2026-06-23T13:36:16.507+0000] {logging_mixin.py:188} INFO - [2026-06-23T13:36:16.507+0000] {dag.py:3036} INFO - Sync 1 DAGs
[2026-06-23T13:36:16.536+0000] {logging_mixin.py:188} INFO - [2026-06-23T13:36:16.535+0000] {dag.py:3823} INFO - Setting next_dagrun for mon_premier_dag to None, run_after=None
[2026-06-23T13:36:16.569+0000] {processor.py:183} INFO - Processing /opt/airflow/dags/mon_premier_dag.py took 0.127 seconds
[2026-06-23T13:36:46.939+0000] {processor.py:161} INFO - Started process (PID=364) to work on /opt/airflow/dags/mon_premier_dag.py
[2026-06-23T13:36:46.941+0000] {processor.py:830} INFO - Processing file /opt/airflow/dags/mon_premier_dag.py for tasks to queue
[2026-06-23T13:36:46.942+0000] {logging_mixin.py:188} INFO - [2026-06-23T13:36:46.942+0000] {dagbag.py:538} INFO - Filling up the DagBag from /opt/airflow/dags/mon_premier_dag.py
[2026-06-23T13:36:46.967+0000] {processor.py:840} INFO - DAG(s) 'mon_premier_dag' retrieved from /opt/airflow/dags/mon_premier_dag.py
[2026-06-23T13:36:47.009+0000] {logging_mixin.py:188} INFO - [2026-06-23T13:36:47.008+0000] {dag.py:3036} INFO - Sync 1 DAGs
[2026-06-23T13:36:47.044+0000] {logging_mixin.py:188} INFO - [2026-06-23T13:36:47.044+0000] {dag.py:3823} INFO - Setting next_dagrun for mon_premier_dag to None, run_after=None
[2026-06-23T13:36:47.077+0000] {processor.py:183} INFO - Processing /opt/airflow/dags/mon_premier_dag.py took 0.142 seconds
[2026-06-23T13:37:17.464+0000] {processor.py:161} INFO - Started process (PID=369) to work on /opt/airflow/dags/mon_premier_dag.py
[2026-06-23T13:37:17.466+0000] {processor.py:830} INFO - Processing file /opt/airflow/dags/mon_premier_dag.py for tasks to queue
[2026-06-23T13:37:17.468+0000] {logging_mixin.py:188} INFO - [2026-06-23T13:37:17.467+0000] {dagbag.py:538} INFO - Filling up the DagBag from /opt/airflow/dags/mon_premier_dag.py
[2026-06-23T13:37:17.498+0000] {processor.py:840} INFO - DAG(s) 'mon_premier_dag' retrieved from /opt/airflow/dags/mon_premier_dag.py
[2026-06-23T13:37:17.534+0000] {logging_mixin.py:188} INFO - [2026-06-23T13:37:17.534+0000] {dag.py:3036} INFO - Sync 1 DAGs
[2026-06-23T13:37:17.566+0000] {logging_mixin.py:188} INFO - [2026-06-23T13:37:17.566+0000] {dag.py:3823} INFO - Setting next_dagrun for mon_premier_dag to None, run_after=None
[2026-06-23T13:37:17.598+0000] {processor.py:183} INFO - Processing /opt/airflow/dags/mon_premier_dag.py took 0.139 seconds
[2026-06-23T13:37:48.024+0000] {processor.py:161} INFO - Started process (PID=374) to work on /opt/airflow/dags/mon_premier_dag.py
[2026-06-23T13:37:48.025+0000] {processor.py:830} INFO - Processing file /opt/airflow/dags/mon_premier_dag.py for tasks to queue
[2026-06-23T13:37:48.027+0000] {logging_mixin.py:188} INFO - [2026-06-23T13:37:48.026+0000] {dagbag.py:538} INFO - Filling up the DagBag from /opt/airflow/dags/mon_premier_dag.py
[2026-06-23T13:37:48.055+0000] {processor.py:840} INFO - DAG(s) 'mon_premier_dag' retrieved from /opt/airflow/dags/mon_premier_dag.py
[2026-06-23T13:37:48.088+0000] {logging_mixin.py:188} INFO - [2026-06-23T13:37:48.088+0000] {dag.py:3036} INFO - Sync 1 DAGs
[2026-06-23T13:37:48.119+0000] {logging_mixin.py:188} INFO - [2026-06-23T13:37:48.119+0000] {dag.py:3823} INFO - Setting next_dagrun for mon_premier_dag to None, run_after=None
[2026-06-23T13:37:48.148+0000] {processor.py:183} INFO - Processing /opt/airflow/dags/mon_premier_dag.py took 0.128 seconds
[2026-06-23T13:38:18.617+0000] {processor.py:161} INFO - Started process (PID=379) to work on /opt/airflow/dags/mon_premier_dag.py
[2026-06-23T13:38:18.619+0000] {processor.py:830} INFO - Processing file /opt/airflow/dags/mon_premier_dag.py for tasks to queue
[2026-06-23T13:38:18.620+0000] {logging_mixin.py:188} INFO - [2026-06-23T13:38:18.620+0000] {dagbag.py:538} INFO - Filling up the DagBag from /opt/airflow/dags/mon_premier_dag.py
[2026-06-23T13:38:18.651+0000] {processor.py:840} INFO - DAG(s) 'mon_premier_dag' retrieved from /opt/airflow/dags/mon_premier_dag.py
[2026-06-23T13:38:18.684+0000] {logging_mixin.py:188} INFO - [2026-06-23T13:38:18.683+0000] {dag.py:3036} INFO - Sync 1 DAGs
[2026-06-23T13:38:18.713+0000] {logging_mixin.py:188} INFO - [2026-06-23T13:38:18.713+0000] {dag.py:3823} INFO - Setting next_dagrun for mon_premier_dag to None, run_after=None
[2026-06-23T13:38:18.743+0000] {processor.py:183} INFO - Processing /opt/airflow/dags/mon_premier_dag.py took 0.131 seconds
[2026-06-23T13:38:49.096+0000] {processor.py:161} INFO - Started process (PID=384) to work on /opt/airflow/dags/mon_premier_dag.py
[2026-06-23T13:38:49.097+0000] {processor.py:830} INFO - Processing file /opt/airflow/dags/mon_premier_dag.py for tasks to queue
[2026-06-23T13:38:49.099+0000] {logging_mixin.py:188} INFO - [2026-06-23T13:38:49.098+0000] {dagbag.py:538} INFO - Filling up the DagBag from /opt/airflow/dags/mon_premier_dag.py
[2026-06-23T13:38:49.126+0000] {processor.py:840} INFO - DAG(s) 'mon_premier_dag' retrieved from /opt/airflow/dags/mon_premier_dag.py
[2026-06-23T13:38:49.159+0000] {logging_mixin.py:188} INFO - [2026-06-23T13:38:49.158+0000] {dag.py:3036} INFO - Sync 1 DAGs
[2026-06-23T13:38:49.188+0000] {logging_mixin.py:188} INFO - [2026-06-23T13:38:49.187+0000] {dag.py:3823} INFO - Setting next_dagrun for mon_premier_dag to None, run_after=None
[2026-06-23T13:38:49.220+0000] {processor.py:183} INFO - Processing /opt/airflow/dags/mon_premier_dag.py took 0.129 seconds
[2026-06-23T13:39:19.644+0000] {processor.py:161} INFO - Started process (PID=389) to work on /opt/airflow/dags/mon_premier_dag.py
[2026-06-23T13:39:19.645+0000] {processor.py:830} INFO - Processing file /opt/airflow/dags/mon_premier_dag.py for tasks to queue
[2026-06-23T13:39:19.647+0000] {logging_mixin.py:188} INFO - [2026-06-23T13:39:19.646+0000] {dagbag.py:538} INFO - Filling up the DagBag from /opt/airflow/dags/mon_premier_dag.py
[2026-06-23T13:39:19.672+0000] {processor.py:840} INFO - DAG(s) 'mon_premier_dag' retrieved from /opt/airflow/dags/mon_premier_dag.py
[2026-06-23T13:39:19.704+0000] {logging_mixin.py:188} INFO - [2026-06-23T13:39:19.704+0000] {dag.py:3036} INFO - Sync 1 DAGs
[2026-06-23T13:39:19.729+0000] {logging_mixin.py:188} INFO - [2026-06-23T13:39:19.728+0000] {dag.py:3823} INFO - Setting next_dagrun for mon_premier_dag to None, run_after=None
[2026-06-23T13:39:19.758+0000] {processor.py:183} INFO - Processing /opt/airflow/dags/mon_premier_dag.py took 0.118 seconds
[2026-06-23T13:39:50.120+0000] {processor.py:161} INFO - Started process (PID=394) to work on /opt/airflow/dags/mon_premier_dag.py
[2026-06-23T13:39:50.121+0000] {processor.py:830} INFO - Processing file /opt/airflow/dags/mon_premier_dag.py for tasks to queue
[2026-06-23T13:39:50.122+0000] {logging_mixin.py:188} INFO - [2026-06-23T13:39:50.122+0000] {dagbag.py:538} INFO - Filling up the DagBag from /opt/airflow/dags/mon_premier_dag.py
[2026-06-23T13:39:50.148+0000] {processor.py:840} INFO - DAG(s) 'mon_premier_dag' retrieved from /opt/airflow/dags/mon_premier_dag.py
[2026-06-23T13:39:50.182+0000] {logging_mixin.py:188} INFO - [2026-06-23T13:39:50.182+0000] {dag.py:3036} INFO - Sync 1 DAGs
[2026-06-23T13:39:50.209+0000] {logging_mixin.py:188} INFO - [2026-06-23T13:39:50.208+0000] {dag.py:3823} INFO - Setting next_dagrun for mon_premier_dag to None, run_after=None
[2026-06-23T13:39:50.234+0000] {processor.py:183} INFO - Processing /opt/airflow/dags/mon_premier_dag.py took 0.117 seconds
[2026-06-23T13:40:20.533+0000] {processor.py:161} INFO - Started process (PID=399) to work on /opt/airflow/dags/mon_premier_dag.py
[2026-06-23T13:40:20.535+0000] {processor.py:830} INFO - Processing file /opt/airflow/dags/mon_premier_dag.py for tasks to queue
[2026-06-23T13:40:20.536+0000] {logging_mixin.py:188} INFO - [2026-06-23T13:40:20.536+0000] {dagbag.py:538} INFO - Filling up the DagBag from /opt/airflow/dags/mon_premier_dag.py
[2026-06-23T13:40:20.559+0000] {processor.py:840} INFO - DAG(s) 'mon_premier_dag' retrieved from /opt/airflow/dags/mon_premier_dag.py
[2026-06-23T13:40:20.590+0000] {logging_mixin.py:188} INFO - [2026-06-23T13:40:20.590+0000] {dag.py:3036} INFO - Sync 1 DAGs
[2026-06-23T13:40:20.618+0000] {logging_mixin.py:188} INFO - [2026-06-23T13:40:20.617+0000] {dag.py:3823} INFO - Setting next_dagrun for mon_premier_dag to None, run_after=None
[2026-06-23T13:40:20.643+0000] {processor.py:183} INFO - Processing /opt/airflow/dags/mon_premier_dag.py took 0.113 seconds
[2026-06-23T13:40:50.955+0000] {processor.py:161} INFO - Started process (PID=404) to work on /opt/airflow/dags/mon_premier_dag.py
[2026-06-23T13:40:50.956+0000] {processor.py:830} INFO - Processing file /opt/airflow/dags/mon_premier_dag.py for tasks to queue
[2026-06-23T13:40:50.957+0000] {logging_mixin.py:188} INFO - [2026-06-23T13:40:50.957+0000] {dagbag.py:538} INFO - Filling up the DagBag from /opt/airflow/dags/mon_premier_dag.py
[2026-06-23T13:40:50.983+0000] {processor.py:840} INFO - DAG(s) 'mon_premier_dag' retrieved from /opt/airflow/dags/mon_premier_dag.py
[2026-06-23T13:40:51.019+0000] {logging_mixin.py:188} INFO - [2026-06-23T13:40:51.018+0000] {dag.py:3036} INFO - Sync 1 DAGs
[2026-06-23T13:40:51.047+0000] {logging_mixin.py:188} INFO - [2026-06-23T13:40:51.047+0000] {dag.py:3823} INFO - Setting next_dagrun for mon_premier_dag to None, run_after=None
[2026-06-23T13:40:51.075+0000] {processor.py:183} INFO - Processing /opt/airflow/dags/mon_premier_dag.py took 0.125 seconds
[2026-06-23T13:41:21.442+0000] {processor.py:161} INFO - Started process (PID=409) to work on /opt/airflow/dags/mon_premier_dag.py
[2026-06-23T13:41:21.443+0000] {processor.py:830} INFO - Processing file /opt/airflow/dags/mon_premier_dag.py for tasks to queue
[2026-06-23T13:41:21.444+0000] {logging_mixin.py:188} INFO - [2026-06-23T13:41:21.444+0000] {dagbag.py:538} INFO - Filling up the DagBag from /opt/airflow/dags/mon_premier_dag.py
[2026-06-23T13:41:21.471+0000] {processor.py:840} INFO - DAG(s) 'mon_premier_dag' retrieved from /opt/airflow/dags/mon_premier_dag.py
[2026-06-23T13:41:21.500+0000] {logging_mixin.py:188} INFO - [2026-06-23T13:41:21.500+0000] {dag.py:3036} INFO - Sync 1 DAGs
[2026-06-23T13:41:21.529+0000] {logging_mixin.py:188} INFO - [2026-06-23T13:41:21.529+0000] {dag.py:3823} INFO - Setting next_dagrun for mon_premier_dag to None, run_after=None
[2026-06-23T13:41:21.562+0000] {processor.py:183} INFO - Processing /opt/airflow/dags/mon_premier_dag.py took 0.123 seconds
[2026-06-23T13:41:51.812+0000] {processor.py:161} INFO - Started process (PID=414) to work on /opt/airflow/dags/mon_premier_dag.py
[2026-06-23T13:41:51.814+0000] {processor.py:830} INFO - Processing file /opt/airflow/dags/mon_premier_dag.py for tasks to queue
[2026-06-23T13:41:51.815+0000] {logging_mixin.py:188} INFO - [2026-06-23T13:41:51.815+0000] {dagbag.py:538} INFO - Filling up the DagBag from /opt/airflow/dags/mon_premier_dag.py
[2026-06-23T13:41:51.840+0000] {processor.py:840} INFO - DAG(s) 'mon_premier_dag' retrieved from /opt/airflow/dags/mon_premier_dag.py
[2026-06-23T13:41:51.871+0000] {logging_mixin.py:188} INFO - [2026-06-23T13:41:51.871+0000] {dag.py:3036} INFO - Sync 1 DAGs
[2026-06-23T13:41:51.898+0000] {logging_mixin.py:188} INFO - [2026-06-23T13:41:51.898+0000] {dag.py:3823} INFO - Setting next_dagrun for mon_premier_dag to None, run_after=None
[2026-06-23T13:41:51.923+0000] {processor.py:183} INFO - Processing /opt/airflow/dags/mon_premier_dag.py took 0.115 seconds
[2026-06-23T13:42:22.373+0000] {processor.py:161} INFO - Started process (PID=419) to work on /opt/airflow/dags/mon_premier_dag.py
[2026-06-23T13:42:22.374+0000] {processor.py:830} INFO - Processing file /opt/airflow/dags/mon_premier_dag.py for tasks to queue
[2026-06-23T13:42:22.376+0000] {logging_mixin.py:188} INFO - [2026-06-23T13:42:22.375+0000] {dagbag.py:538} INFO - Filling up the DagBag from /opt/airflow/dags/mon_premier_dag.py
[2026-06-23T13:42:22.403+0000] {processor.py:840} INFO - DAG(s) 'mon_premier_dag' retrieved from /opt/airflow/dags/mon_premier_dag.py
[2026-06-23T13:42:22.434+0000] {logging_mixin.py:188} INFO - [2026-06-23T13:42:22.434+0000] {dag.py:3036} INFO - Sync 1 DAGs
[2026-06-23T13:42:22.461+0000] {logging_mixin.py:188} INFO - [2026-06-23T13:42:22.461+0000] {dag.py:3823} INFO - Setting next_dagrun for mon_premier_dag to None, run_after=None
[2026-06-23T13:42:22.487+0000] {processor.py:183} INFO - Processing /opt/airflow/dags/mon_premier_dag.py took 0.117 seconds
[2026-06-23T13:42:52.720+0000] {processor.py:161} INFO - Started process (PID=424) to work on /opt/airflow/dags/mon_premier_dag.py
[2026-06-23T13:42:52.721+0000] {processor.py:830} INFO - Processing file /opt/airflow/dags/mon_premier_dag.py for tasks to queue
[2026-06-23T13:42:52.722+0000] {logging_mixin.py:188} INFO - [2026-06-23T13:42:52.722+0000] {dagbag.py:538} INFO - Filling up the DagBag from /opt/airflow/dags/mon_premier_dag.py
[2026-06-23T13:42:52.748+0000] {processor.py:840} INFO - DAG(s) 'mon_premier_dag' retrieved from /opt/airflow/dags/mon_premier_dag.py
[2026-06-23T13:42:52.782+0000] {logging_mixin.py:188} INFO - [2026-06-23T13:42:52.781+0000] {dag.py:3036} INFO - Sync 1 DAGs
[2026-06-23T13:42:52.812+0000] {logging_mixin.py:188} INFO - [2026-06-23T13:42:52.811+0000] {dag.py:3823} INFO - Setting next_dagrun for mon_premier_dag to None, run_after=None
[2026-06-23T13:42:52.841+0000] {processor.py:183} INFO - Processing /opt/airflow/dags/mon_premier_dag.py took 0.125 seconds
[2026-06-23T13:43:23.234+0000] {processor.py:161} INFO - Started process (PID=429) to work on /opt/airflow/dags/mon_premier_dag.py
[2026-06-23T13:43:23.235+0000] {processor.py:830} INFO - Processing file /opt/airflow/dags/mon_premier_dag.py for tasks to queue
[2026-06-23T13:43:23.236+0000] {logging_mixin.py:188} INFO - [2026-06-23T13:43:23.236+0000] {dagbag.py:538} INFO - Filling up the DagBag from /opt/airflow/dags/mon_premier_dag.py
[2026-06-23T13:43:23.262+0000] {processor.py:840} INFO - DAG(s) 'mon_premier_dag' retrieved from /opt/airflow/dags/mon_premier_dag.py
[2026-06-23T13:43:23.298+0000] {logging_mixin.py:188} INFO - [2026-06-23T13:43:23.298+0000] {dag.py:3036} INFO - Sync 1 DAGs
[2026-06-23T13:43:23.332+0000] {logging_mixin.py:188} INFO - [2026-06-23T13:43:23.332+0000] {dag.py:3823} INFO - Setting next_dagrun for mon_premier_dag to None, run_after=None
[2026-06-23T13:43:23.362+0000] {processor.py:183} INFO - Processing /opt/airflow/dags/mon_premier_dag.py took 0.132 seconds
[2026-06-23T13:43:53.608+0000] {processor.py:161} INFO - Started process (PID=434) to work on /opt/airflow/dags/mon_premier_dag.py
[2026-06-23T13:43:53.610+0000] {processor.py:830} INFO - Processing file /opt/airflow/dags/mon_premier_dag.py for tasks to queue
[2026-06-23T13:43:53.612+0000] {logging_mixin.py:188} INFO - [2026-06-23T13:43:53.611+0000] {dagbag.py:538} INFO - Filling up the DagBag from /opt/airflow/dags/mon_premier_dag.py
[2026-06-23T13:43:53.644+0000] {processor.py:840} INFO - DAG(s) 'mon_premier_dag' retrieved from /opt/airflow/dags/mon_premier_dag.py
[2026-06-23T13:43:53.680+0000] {logging_mixin.py:188} INFO - [2026-06-23T13:43:53.680+0000] {dag.py:3036} INFO - Sync 1 DAGs
[2026-06-23T13:43:53.708+0000] {logging_mixin.py:188} INFO - [2026-06-23T13:43:53.708+0000] {dag.py:3823} INFO - Setting next_dagrun for mon_premier_dag to None, run_after=None
[2026-06-23T13:43:53.739+0000] {processor.py:183} INFO - Processing /opt/airflow/dags/mon_premier_dag.py took 0.138 seconds
[2026-06-23T13:44:24.208+0000] {processor.py:161} INFO - Started process (PID=439) to work on /opt/airflow/dags/mon_premier_dag.py
[2026-06-23T13:44:24.210+0000] {processor.py:830} INFO - Processing file /opt/airflow/dags/mon_premier_dag.py for tasks to queue
[2026-06-23T13:44:24.212+0000] {logging_mixin.py:188} INFO - [2026-06-23T13:44:24.211+0000] {dagbag.py:538} INFO - Filling up the DagBag from /opt/airflow/dags/mon_premier_dag.py
[2026-06-23T13:44:24.241+0000] {processor.py:840} INFO - DAG(s) 'mon_premier_dag' retrieved from /opt/airflow/dags/mon_premier_dag.py
[2026-06-23T13:44:24.275+0000] {logging_mixin.py:188} INFO - [2026-06-23T13:44:24.275+0000] {dag.py:3036} INFO - Sync 1 DAGs
[2026-06-23T13:44:24.305+0000] {logging_mixin.py:188} INFO - [2026-06-23T13:44:24.304+0000] {dag.py:3823} INFO - Setting next_dagrun for mon_premier_dag to None, run_after=None
[2026-06-23T13:44:24.335+0000] {processor.py:183} INFO - Processing /opt/airflow/dags/mon_premier_dag.py took 0.131 seconds
[2026-06-23T13:44:54.448+0000] {processor.py:161} INFO - Started process (PID=444) to work on /opt/airflow/dags/mon_premier_dag.py
[2026-06-23T13:44:54.450+0000] {processor.py:830} INFO - Processing file /opt/airflow/dags/mon_premier_dag.py for tasks to queue
[2026-06-23T13:44:54.452+0000] {logging_mixin.py:188} INFO - [2026-06-23T13:44:54.451+0000] {dagbag.py:538} INFO - Filling up the DagBag from /opt/airflow/dags/mon_premier_dag.py
[2026-06-23T13:44:54.480+0000] {processor.py:840} INFO - DAG(s) 'mon_premier_dag' retrieved from /opt/airflow/dags/mon_premier_dag.py
[2026-06-23T13:44:54.521+0000] {logging_mixin.py:188} INFO - [2026-06-23T13:44:54.521+0000] {dag.py:3036} INFO - Sync 1 DAGs
[2026-06-23T13:44:54.552+0000] {logging_mixin.py:188} INFO - [2026-06-23T13:44:54.552+0000] {dag.py:3823} INFO - Setting next_dagrun for mon_premier_dag to None, run_after=None
[2026-06-23T13:44:54.583+0000] {processor.py:183} INFO - Processing /opt/airflow/dags/mon_premier_dag.py took 0.142 seconds
[2026-06-23T13:45:25.033+0000] {processor.py:161} INFO - Started process (PID=449) to work on /opt/airflow/dags/mon_premier_dag.py
[2026-06-23T13:45:25.035+0000] {processor.py:830} INFO - Processing file /opt/airflow/dags/mon_premier_dag.py for tasks to queue
[2026-06-23T13:45:25.036+0000] {logging_mixin.py:188} INFO - [2026-06-23T13:45:25.036+0000] {dagbag.py:538} INFO - Filling up the DagBag from /opt/airflow/dags/mon_premier_dag.py
[2026-06-23T13:45:25.069+0000] {processor.py:840} INFO - DAG(s) 'mon_premier_dag' retrieved from /opt/airflow/dags/mon_premier_dag.py
[2026-06-23T13:45:25.110+0000] {logging_mixin.py:188} INFO - [2026-06-23T13:45:25.109+0000] {dag.py:3036} INFO - Sync 1 DAGs
[2026-06-23T13:45:25.143+0000] {logging_mixin.py:188} INFO - [2026-06-23T13:45:25.142+0000] {dag.py:3823} INFO - Setting next_dagrun for mon_premier_dag to None, run_after=None
[2026-06-23T13:45:25.180+0000] {processor.py:183} INFO - Processing /opt/airflow/dags/mon_premier_dag.py took 0.150 seconds
[2026-06-23T13:45:55.410+0000] {processor.py:161} INFO - Started process (PID=454) to work on /opt/airflow/dags/mon_premier_dag.py
[2026-06-23T13:45:55.412+0000] {processor.py:830} INFO - Processing file /opt/airflow/dags/mon_premier_dag.py for tasks to queue
[2026-06-23T13:45:55.413+0000] {logging_mixin.py:188} INFO - [2026-06-23T13:45:55.413+0000] {dagbag.py:538} INFO - Filling up the DagBag from /opt/airflow/dags/mon_premier_dag.py
[2026-06-23T13:45:55.436+0000] {processor.py:840} INFO - DAG(s) 'mon_premier_dag' retrieved from /opt/airflow/dags/mon_premier_dag.py
[2026-06-23T13:45:55.471+0000] {logging_mixin.py:188} INFO - [2026-06-23T13:45:55.471+0000] {dag.py:3036} INFO - Sync 1 DAGs
[2026-06-23T13:45:55.499+0000] {logging_mixin.py:188} INFO - [2026-06-23T13:45:55.499+0000] {dag.py:3823} INFO - Setting next_dagrun for mon_premier_dag to None, run_after=None
[2026-06-23T13:45:55.524+0000] {processor.py:183} INFO - Processing /opt/airflow/dags/mon_premier_dag.py took 0.118 seconds
[2026-06-23T13:46:56.240+0000] {processor.py:161} INFO - Started process (PID=185) to work on /opt/airflow/dags/mon_premier_dag.py
[2026-06-23T13:46:56.242+0000] {processor.py:830} INFO - Processing file /opt/airflow/dags/mon_premier_dag.py for tasks to queue
[2026-06-23T13:46:56.244+0000] {logging_mixin.py:188} INFO - [2026-06-23T13:46:56.244+0000] {dagbag.py:538} INFO - Filling up the DagBag from /opt/airflow/dags/mon_premier_dag.py
[2026-06-23T13:46:56.301+0000] {processor.py:840} INFO - DAG(s) 'mon_premier_dag' retrieved from /opt/airflow/dags/mon_premier_dag.py
[2026-06-23T13:46:56.344+0000] {logging_mixin.py:188} INFO - [2026-06-23T13:46:56.344+0000] {dag.py:3036} INFO - Sync 1 DAGs
[2026-06-23T13:46:56.386+0000] {logging_mixin.py:188} INFO - [2026-06-23T13:46:56.386+0000] {dag.py:3823} INFO - Setting next_dagrun for mon_premier_dag to None, run_after=None
[2026-06-23T13:46:56.417+0000] {processor.py:183} INFO - Processing /opt/airflow/dags/mon_premier_dag.py took 0.184 seconds
[2026-06-23T13:47:26.579+0000] {processor.py:161} INFO - Started process (PID=190) to work on /opt/airflow/dags/mon_premier_dag.py
[2026-06-23T13:47:26.581+0000] {processor.py:830} INFO - Processing file /opt/airflow/dags/mon_premier_dag.py for tasks to queue
[2026-06-23T13:47:26.583+0000] {logging_mixin.py:188} INFO - [2026-06-23T13:47:26.582+0000] {dagbag.py:538} INFO - Filling up the DagBag from /opt/airflow/dags/mon_premier_dag.py
[2026-06-23T13:47:26.621+0000] {processor.py:840} INFO - DAG(s) 'mon_premier_dag' retrieved from /opt/airflow/dags/mon_premier_dag.py
[2026-06-23T13:47:26.890+0000] {logging_mixin.py:188} INFO - [2026-06-23T13:47:26.889+0000] {dag.py:3036} INFO - Sync 1 DAGs
[2026-06-23T13:47:26.917+0000] {logging_mixin.py:188} INFO - [2026-06-23T13:47:26.916+0000] {dag.py:3823} INFO - Setting next_dagrun for mon_premier_dag to None, run_after=None
[2026-06-23T13:47:26.946+0000] {processor.py:183} INFO - Processing /opt/airflow/dags/mon_premier_dag.py took 0.375 seconds
[2026-06-23T13:47:57.153+0000] {processor.py:161} INFO - Started process (PID=195) to work on /opt/airflow/dags/mon_premier_dag.py
[2026-06-23T13:47:57.155+0000] {processor.py:830} INFO - Processing file /opt/airflow/dags/mon_premier_dag.py for tasks to queue
[2026-06-23T13:47:57.157+0000] {logging_mixin.py:188} INFO - [2026-06-23T13:47:57.157+0000] {dagbag.py:538} INFO - Filling up the DagBag from /opt/airflow/dags/mon_premier_dag.py
[2026-06-23T13:47:57.190+0000] {processor.py:840} INFO - DAG(s) 'mon_premier_dag' retrieved from /opt/airflow/dags/mon_premier_dag.py
[2026-06-23T13:47:57.232+0000] {logging_mixin.py:188} INFO - [2026-06-23T13:47:57.232+0000] {dag.py:3036} INFO - Sync 1 DAGs
[2026-06-23T13:47:57.262+0000] {logging_mixin.py:188} INFO - [2026-06-23T13:47:57.262+0000] {dag.py:3823} INFO - Setting next_dagrun for mon_premier_dag to None, run_after=None
[2026-06-23T13:47:57.286+0000] {processor.py:183} INFO - Processing /opt/airflow/dags/mon_premier_dag.py took 0.139 seconds
[2026-06-23T13:48:27.613+0000] {processor.py:161} INFO - Started process (PID=200) to work on /opt/airflow/dags/mon_premier_dag.py
[2026-06-23T13:48:27.615+0000] {processor.py:830} INFO - Processing file /opt/airflow/dags/mon_premier_dag.py for tasks to queue
[2026-06-23T13:48:27.619+0000] {logging_mixin.py:188} INFO - [2026-06-23T13:48:27.618+0000] {dagbag.py:538} INFO - Filling up the DagBag from /opt/airflow/dags/mon_premier_dag.py
[2026-06-23T13:48:27.655+0000] {processor.py:840} INFO - DAG(s) 'mon_premier_dag' retrieved from /opt/airflow/dags/mon_premier_dag.py
[2026-06-23T13:48:27.693+0000] {logging_mixin.py:188} INFO - [2026-06-23T13:48:27.693+0000] {dag.py:3036} INFO - Sync 1 DAGs
[2026-06-23T13:48:27.723+0000] {logging_mixin.py:188} INFO - [2026-06-23T13:48:27.723+0000] {dag.py:3823} INFO - Setting next_dagrun for mon_premier_dag to None, run_after=None
[2026-06-23T13:48:27.756+0000] {processor.py:183} INFO - Processing /opt/airflow/dags/mon_premier_dag.py took 0.149 seconds
[2026-06-23T13:48:58.097+0000] {processor.py:161} INFO - Started process (PID=205) to work on /opt/airflow/dags/mon_premier_dag.py
[2026-06-23T13:48:58.098+0000] {processor.py:830} INFO - Processing file /opt/airflow/dags/mon_premier_dag.py for tasks to queue
[2026-06-23T13:48:58.099+0000] {logging_mixin.py:188} INFO - [2026-06-23T13:48:58.099+0000] {dagbag.py:538} INFO - Filling up the DagBag from /opt/airflow/dags/mon_premier_dag.py
[2026-06-23T13:48:58.132+0000] {processor.py:840} INFO - DAG(s) 'mon_premier_dag' retrieved from /opt/airflow/dags/mon_premier_dag.py
[2026-06-23T13:48:58.171+0000] {logging_mixin.py:188} INFO - [2026-06-23T13:48:58.171+0000] {dag.py:3036} INFO - Sync 1 DAGs
[2026-06-23T13:48:58.200+0000] {logging_mixin.py:188} INFO - [2026-06-23T13:48:58.199+0000] {dag.py:3823} INFO - Setting next_dagrun for mon_premier_dag to None, run_after=None
[2026-06-23T13:48:58.237+0000] {processor.py:183} INFO - Processing /opt/airflow/dags/mon_premier_dag.py took 0.146 seconds
[2026-06-23T13:49:28.556+0000] {processor.py:161} INFO - Started process (PID=210) to work on /opt/airflow/dags/mon_premier_dag.py
[2026-06-23T13:49:28.557+0000] {processor.py:830} INFO - Processing file /opt/airflow/dags/mon_premier_dag.py for tasks to queue
[2026-06-23T13:49:28.561+0000] {logging_mixin.py:188} INFO - [2026-06-23T13:49:28.559+0000] {dagbag.py:538} INFO - Filling up the DagBag from /opt/airflow/dags/mon_premier_dag.py
[2026-06-23T13:49:28.588+0000] {processor.py:840} INFO - DAG(s) 'mon_premier_dag' retrieved from /opt/airflow/dags/mon_premier_dag.py
[2026-06-23T13:49:28.621+0000] {logging_mixin.py:188} INFO - [2026-06-23T13:49:28.621+0000] {dag.py:3036} INFO - Sync 1 DAGs
[2026-06-23T13:49:28.647+0000] {logging_mixin.py:188} INFO - [2026-06-23T13:49:28.647+0000] {dag.py:3823} INFO - Setting next_dagrun for mon_premier_dag to None, run_after=None
[2026-06-23T13:49:28.684+0000] {processor.py:183} INFO - Processing /opt/airflow/dags/mon_premier_dag.py took 0.137 seconds
[2026-06-23T13:49:59.069+0000] {processor.py:161} INFO - Started process (PID=215) to work on /opt/airflow/dags/mon_premier_dag.py
[2026-06-23T13:49:59.070+0000] {processor.py:830} INFO - Processing file /opt/airflow/dags/mon_premier_dag.py for tasks to queue
[2026-06-23T13:49:59.071+0000] {logging_mixin.py:188} INFO - [2026-06-23T13:49:59.071+0000] {dagbag.py:538} INFO - Filling up the DagBag from /opt/airflow/dags/mon_premier_dag.py
[2026-06-23T13:49:59.103+0000] {processor.py:840} INFO - DAG(s) 'mon_premier_dag' retrieved from /opt/airflow/dags/mon_premier_dag.py
[2026-06-23T13:49:59.142+0000] {logging_mixin.py:188} INFO - [2026-06-23T13:49:59.142+0000] {dag.py:3036} INFO - Sync 1 DAGs
[2026-06-23T13:49:59.174+0000] {logging_mixin.py:188} INFO - [2026-06-23T13:49:59.173+0000] {dag.py:3823} INFO - Setting next_dagrun for mon_premier_dag to None, run_after=None
[2026-06-23T13:49:59.206+0000] {processor.py:183} INFO - Processing /opt/airflow/dags/mon_premier_dag.py took 0.142 seconds
[2026-06-23T13:50:29.517+0000] {processor.py:161} INFO - Started process (PID=220) to work on /opt/airflow/dags/mon_premier_dag.py
[2026-06-23T13:50:29.519+0000] {processor.py:830} INFO - Processing file /opt/airflow/dags/mon_premier_dag.py for tasks to queue
[2026-06-23T13:50:29.520+0000] {logging_mixin.py:188} INFO - [2026-06-23T13:50:29.520+0000] {dagbag.py:538} INFO - Filling up the DagBag from /opt/airflow/dags/mon_premier_dag.py
[2026-06-23T13:50:29.552+0000] {processor.py:840} INFO - DAG(s) 'mon_premier_dag' retrieved from /opt/airflow/dags/mon_premier_dag.py
[2026-06-23T13:50:29.589+0000] {logging_mixin.py:188} INFO - [2026-06-23T13:50:29.589+0000] {dag.py:3036} INFO - Sync 1 DAGs
[2026-06-23T13:50:29.621+0000] {logging_mixin.py:188} INFO - [2026-06-23T13:50:29.621+0000] {dag.py:3823} INFO - Setting next_dagrun for mon_premier_dag to None, run_after=None
[2026-06-23T13:50:29.648+0000] {processor.py:183} INFO - Processing /opt/airflow/dags/mon_premier_dag.py took 0.137 seconds
[2026-06-23T13:50:59.987+0000] {processor.py:161} INFO - Started process (PID=225) to work on /opt/airflow/dags/mon_premier_dag.py
[2026-06-23T13:50:59.989+0000] {processor.py:830} INFO - Processing file /opt/airflow/dags/mon_premier_dag.py for tasks to queue
[2026-06-23T13:50:59.990+0000] {logging_mixin.py:188} INFO - [2026-06-23T13:50:59.990+0000] {dagbag.py:538} INFO - Filling up the DagBag from /opt/airflow/dags/mon_premier_dag.py
[2026-06-23T13:51:00.041+0000] {processor.py:840} INFO - DAG(s) 'mon_premier_dag' retrieved from /opt/airflow/dags/mon_premier_dag.py
[2026-06-23T13:51:00.077+0000] {logging_mixin.py:188} INFO - [2026-06-23T13:51:00.077+0000] {dag.py:3036} INFO - Sync 1 DAGs
[2026-06-23T13:51:00.109+0000] {logging_mixin.py:188} INFO - [2026-06-23T13:51:00.109+0000] {dag.py:3823} INFO - Setting next_dagrun for mon_premier_dag to None, run_after=None
[2026-06-23T13:51:00.144+0000] {processor.py:183} INFO - Processing /opt/airflow/dags/mon_premier_dag.py took 0.163 seconds
[2026-06-23T13:51:30.371+0000] {processor.py:161} INFO - Started process (PID=230) to work on /opt/airflow/dags/mon_premier_dag.py
[2026-06-23T13:51:30.373+0000] {processor.py:830} INFO - Processing file /opt/airflow/dags/mon_premier_dag.py for tasks to queue
[2026-06-23T13:51:30.374+0000] {logging_mixin.py:188} INFO - [2026-06-23T13:51:30.374+0000] {dagbag.py:538} INFO - Filling up the DagBag from /opt/airflow/dags/mon_premier_dag.py
[2026-06-23T13:51:30.400+0000] {processor.py:840} INFO - DAG(s) 'mon_premier_dag' retrieved from /opt/airflow/dags/mon_premier_dag.py
[2026-06-23T13:51:30.436+0000] {logging_mixin.py:188} INFO - [2026-06-23T13:51:30.436+0000] {dag.py:3036} INFO - Sync 1 DAGs
[2026-06-23T13:51:30.470+0000] {logging_mixin.py:188} INFO - [2026-06-23T13:51:30.469+0000] {dag.py:3823} INFO - Setting next_dagrun for mon_premier_dag to None, run_after=None
[2026-06-23T13:51:30.503+0000] {processor.py:183} INFO - Processing /opt/airflow/dags/mon_premier_dag.py took 0.136 seconds
[2026-06-23T13:52:00.939+0000] {processor.py:161} INFO - Started process (PID=235) to work on /opt/airflow/dags/mon_premier_dag.py
[2026-06-23T13:52:00.940+0000] {processor.py:830} INFO - Processing file /opt/airflow/dags/mon_premier_dag.py for tasks to queue
[2026-06-23T13:52:00.943+0000] {logging_mixin.py:188} INFO - [2026-06-23T13:52:00.942+0000] {dagbag.py:538} INFO - Filling up the DagBag from /opt/airflow/dags/mon_premier_dag.py
[2026-06-23T13:52:00.971+0000] {processor.py:840} INFO - DAG(s) 'mon_premier_dag' retrieved from /opt/airflow/dags/mon_premier_dag.py
[2026-06-23T13:52:01.011+0000] {logging_mixin.py:188} INFO - [2026-06-23T13:52:01.011+0000] {dag.py:3036} INFO - Sync 1 DAGs
[2026-06-23T13:52:01.045+0000] {logging_mixin.py:188} INFO - [2026-06-23T13:52:01.044+0000] {dag.py:3823} INFO - Setting next_dagrun for mon_premier_dag to None, run_after=None
[2026-06-23T13:52:01.079+0000] {processor.py:183} INFO - Processing /opt/airflow/dags/mon_premier_dag.py took 0.145 seconds
[2026-06-23T13:52:31.226+0000] {processor.py:161} INFO - Started process (PID=240) to work on /opt/airflow/dags/mon_premier_dag.py
[2026-06-23T13:52:31.227+0000] {processor.py:830} INFO - Processing file /opt/airflow/dags/mon_premier_dag.py for tasks to queue
[2026-06-23T13:52:31.229+0000] {logging_mixin.py:188} INFO - [2026-06-23T13:52:31.228+0000] {dagbag.py:538} INFO - Filling up the DagBag from /opt/airflow/dags/mon_premier_dag.py
[2026-06-23T13:52:31.258+0000] {processor.py:840} INFO - DAG(s) 'mon_premier_dag' retrieved from /opt/airflow/dags/mon_premier_dag.py
[2026-06-23T13:52:31.295+0000] {logging_mixin.py:188} INFO - [2026-06-23T13:52:31.294+0000] {dag.py:3036} INFO - Sync 1 DAGs
[2026-06-23T13:52:31.326+0000] {logging_mixin.py:188} INFO - [2026-06-23T13:52:31.326+0000] {dag.py:3823} INFO - Setting next_dagrun for mon_premier_dag to None, run_after=None
[2026-06-23T13:52:31.358+0000] {processor.py:183} INFO - Processing /opt/airflow/dags/mon_premier_dag.py took 0.138 seconds
[2026-06-23T13:53:01.572+0000] {processor.py:161} INFO - Started process (PID=245) to work on /opt/airflow/dags/mon_premier_dag.py
[2026-06-23T13:53:01.574+0000] {processor.py:830} INFO - Processing file /opt/airflow/dags/mon_premier_dag.py for tasks to queue
[2026-06-23T13:53:01.575+0000] {logging_mixin.py:188} INFO - [2026-06-23T13:53:01.575+0000] {dagbag.py:538} INFO - Filling up the DagBag from /opt/airflow/dags/mon_premier_dag.py
[2026-06-23T13:53:01.610+0000] {processor.py:840} INFO - DAG(s) 'mon_premier_dag' retrieved from /opt/airflow/dags/mon_premier_dag.py
[2026-06-23T13:53:01.650+0000] {logging_mixin.py:188} INFO - [2026-06-23T13:53:01.650+0000] {dag.py:3036} INFO - Sync 1 DAGs
[2026-06-23T13:53:01.679+0000] {logging_mixin.py:188} INFO - [2026-06-23T13:53:01.679+0000] {dag.py:3823} INFO - Setting next_dagrun for mon_premier_dag to None, run_after=None
[2026-06-23T13:53:01.707+0000] {processor.py:183} INFO - Processing /opt/airflow/dags/mon_premier_dag.py took 0.139 seconds
[2026-06-23T13:53:32.056+0000] {processor.py:161} INFO - Started process (PID=250) to work on /opt/airflow/dags/mon_premier_dag.py
[2026-06-23T13:53:32.058+0000] {processor.py:830} INFO - Processing file /opt/airflow/dags/mon_premier_dag.py for tasks to queue
[2026-06-23T13:53:32.060+0000] {logging_mixin.py:188} INFO - [2026-06-23T13:53:32.060+0000] {dagbag.py:538} INFO - Filling up the DagBag from /opt/airflow/dags/mon_premier_dag.py
[2026-06-23T13:53:32.095+0000] {processor.py:840} INFO - DAG(s) 'mon_premier_dag' retrieved from /opt/airflow/dags/mon_premier_dag.py
[2026-06-23T13:53:32.133+0000] {logging_mixin.py:188} INFO - [2026-06-23T13:53:32.133+0000] {dag.py:3036} INFO - Sync 1 DAGs
[2026-06-23T13:53:32.180+0000] {logging_mixin.py:188} INFO - [2026-06-23T13:53:32.179+0000] {dag.py:3823} INFO - Setting next_dagrun for mon_premier_dag to None, run_after=None
[2026-06-23T13:53:32.223+0000] {processor.py:183} INFO - Processing /opt/airflow/dags/mon_premier_dag.py took 0.173 seconds
[2026-06-23T13:54:02.512+0000] {processor.py:161} INFO - Started process (PID=255) to work on /opt/airflow/dags/mon_premier_dag.py
[2026-06-23T13:54:02.514+0000] {processor.py:830} INFO - Processing file /opt/airflow/dags/mon_premier_dag.py for tasks to queue
[2026-06-23T13:54:02.517+0000] {logging_mixin.py:188} INFO - [2026-06-23T13:54:02.516+0000] {dagbag.py:538} INFO - Filling up the DagBag from /opt/airflow/dags/mon_premier_dag.py
[2026-06-23T13:54:02.552+0000] {processor.py:840} INFO - DAG(s) 'mon_premier_dag' retrieved from /opt/airflow/dags/mon_premier_dag.py
[2026-06-23T13:54:02.594+0000] {logging_mixin.py:188} INFO - [2026-06-23T13:54:02.594+0000] {dag.py:3036} INFO - Sync 1 DAGs
[2026-06-23T13:54:02.631+0000] {logging_mixin.py:188} INFO - [2026-06-23T13:54:02.630+0000] {dag.py:3823} INFO - Setting next_dagrun for mon_premier_dag to None, run_after=None
[2026-06-23T13:54:02.653+0000] {processor.py:183} INFO - Processing /opt/airflow/dags/mon_premier_dag.py took 0.151 seconds
